<?xml version="1.0" encoding="UTF-8"?>
<coverage generated="1757628337849" clover="3.2.0">
  <project timestamp="1757628337849" name="All files">
    <metrics statements="708" coveredstatements="708" conditionals="576" coveredconditionals="339" methods="459" coveredmethods="440" elements="1743" coveredelements="1487" complexity="0" loc="708" ncloc="708" packages="1" files="4" classes="4"/>
    <file name="dialect.yaml" path="/Users/handrews/src/OpenAPI-Specification/src/schemas/validation/dialect.yaml">
      <metrics statements="5" coveredstatements="5" conditionals="0" coveredconditionals="0" methods="3" coveredmethods="3"/>
      <line num="4" count="2334" type="stmt"/>
      <line num="5" count="2334" type="stmt"/>
      <line num="19" count="2334" type="stmt"/>
      <line num="20" count="2334" type="stmt"/>
      <line num="21" count="2334" type="stmt"/>
    </file>
    <file name="meta.yaml" path="/Users/handrews/src/OpenAPI-Specification/src/schemas/validation/meta.yaml">
      <metrics statements="40" coveredstatements="40" conditionals="38" coveredconditionals="20" methods="28" coveredmethods="26"/>
      <line num="4" count="2334" type="stmt"/>
      <line num="5" count="2334" type="stmt"/>
      <line num="12" count="2334" type="cond" truecount="2" falsecount="0"/>
      <line num="15" count="2334" type="stmt"/>
      <line num="17" count="19" type="stmt"/>
      <line num="20" count="19" type="stmt"/>
      <line num="22" count="163" type="stmt"/>
      <line num="26" count="19" type="stmt"/>
      <line num="27" count="19" type="stmt"/>
      <line num="29" count="19" type="stmt"/>
      <line num="30" count="19" type="cond" truecount="1" falsecount="1"/>
      <line num="31" count="19" type="cond" truecount="1" falsecount="1"/>
      <line num="33" count="19" type="cond" truecount="1" falsecount="1"/>
      <line num="35" count="19" type="cond" truecount="1" falsecount="1"/>
      <line num="36" count="19" type="cond" truecount="1" falsecount="1"/>
      <line num="38" count="19" type="cond" truecount="1" falsecount="1"/>
      <line num="39" count="19" type="stmt"/>
      <line num="42" count="201" type="stmt"/>
      <line num="45" count="19" type="stmt"/>
      <line num="46" count="19" type="stmt"/>
      <line num="48" count="19" type="cond" truecount="1" falsecount="1"/>
      <line num="50" count="19" type="stmt"/>
      <line num="51" count="19" type="cond" truecount="1" falsecount="1"/>
      <line num="52" count="19" type="cond" truecount="1" falsecount="1"/>
      <line num="54" count="19" type="cond" truecount="1" falsecount="1"/>
      <line num="55" count="19" type="stmt"/>
      <line num="58" count="163" type="stmt"/>
      <line num="59" count="163" type="stmt"/>
      <line num="61" count="103" type="cond" truecount="1" falsecount="1"/>
      <line num="62" count="103" type="cond" truecount="1" falsecount="1"/>
      <line num="69" count="20" type="cond" truecount="1" falsecount="1"/>
      <line num="71" count="20" type="stmt"/>
      <line num="72" count="20" type="cond" truecount="1" falsecount="1"/>
      <line num="74" count="20" type="cond" truecount="1" falsecount="1"/>
      <line num="76" count="22" type="cond" truecount="1" falsecount="1"/>
      <line num="78" count="21" type="cond" truecount="1" falsecount="1"/>
      <line num="79" count="163" type="cond" truecount="1" falsecount="1"/>
      <line num="80" count="163" type="stmt"/>
      <line num="82" count="103" type="stmt"/>
      <line num="85" count="163" type="stmt"/>
    </file>
    <file name="schema-base.yaml" path="/Users/handrews/src/OpenAPI-Specification/src/schemas/validation/schema-base.yaml">
      <metrics statements="8" coveredstatements="8" conditionals="2" coveredconditionals="1" methods="5" coveredmethods="5"/>
      <line num="4" count="1378" type="stmt"/>
      <line num="6" count="1378" type="stmt"/>
      <line num="7" count="1378" type="stmt"/>
      <line num="9" count="45" type="stmt"/>
      <line num="13" count="90" type="cond" truecount="1" falsecount="1"/>
      <line num="17" count="4971" type="stmt"/>
      <line num="18" count="4971" type="stmt"/>
      <line num="20" count="45" type="stmt"/>
    </file>
    <file name="schema.yaml" path="/Users/handrews/src/OpenAPI-Specification/src/schemas/validation/schema.yaml">
      <metrics statements="655" coveredstatements="655" conditionals="536" coveredconditionals="318" methods="423" coveredmethods="406"/>
      <line num="4" count="1431" type="stmt"/>
      <line num="6" count="1431" type="cond" truecount="1" falsecount="1"/>
      <line num="7" count="1431" type="stmt"/>
      <line num="9" count="1431" type="cond" truecount="1" falsecount="1"/>
      <line num="10" count="1431" type="cond" truecount="1" falsecount="1"/>
      <line num="12" count="47" type="cond" truecount="1" falsecount="1"/>
      <line num="13" count="47" type="stmt"/>
      <line num="15" count="47" type="cond" truecount="1" falsecount="1"/>
      <line num="17" count="1431" type="stmt"/>
      <line num="19" count="45" type="cond" truecount="1" falsecount="1"/>
      <line num="20" count="45" type="stmt"/>
      <line num="21" count="45" type="stmt"/>
      <line num="23" count="33" type="cond" truecount="2" falsecount="0"/>
      <line num="24" count="33" type="stmt"/>
      <line num="25" count="77" type="stmt"/>
      <line num="26" count="33" type="stmt"/>
      <line num="29" count="638" type="stmt"/>
      <line num="31" count="100" type="cond" truecount="1" falsecount="1"/>
      <line num="32" count="100" type="stmt"/>
      <line num="33" count="61" type="stmt"/>
      <line num="35" count="966" type="stmt"/>
      <line num="37" count="25" type="cond" truecount="1" falsecount="1"/>
      <line num="38" count="25" type="stmt"/>
      <line num="39" count="125" type="stmt"/>
      <line num="41" count="22" type="cond" truecount="1" falsecount="1"/>
      <line num="42" count="22" type="stmt"/>
      <line num="43" count="66" type="stmt"/>
      <line num="45" count="47" type="stmt"/>
      <line num="46" count="1431" type="cond" truecount="1" falsecount="1"/>
      <line num="49" count="1431" type="cond" truecount="2" falsecount="0"/>
      <line num="50" count="1431" type="cond" truecount="2" falsecount="0"/>
      <line num="52" count="1431" type="cond" truecount="2" falsecount="0"/>
      <line num="54" count="1431" type="cond" truecount="2" falsecount="0"/>
      <line num="56" count="1431" type="stmt"/>
      <line num="57" count="1431" type="stmt"/>
      <line num="62" count="1431" type="cond" truecount="1" falsecount="1"/>
      <line num="63" count="1431" type="stmt"/>
      <line num="65" count="1431" type="cond" truecount="1" falsecount="1"/>
      <line num="67" count="223" type="cond" truecount="1" falsecount="1"/>
      <line num="69" count="47" type="cond" truecount="1" falsecount="1"/>
      <line num="71" count="47" type="cond" truecount="1" falsecount="1"/>
      <line num="72" count="47" type="stmt"/>
      <line num="74" count="47" type="stmt"/>
      <line num="76" count="177" type="stmt"/>
      <line num="78" count="1431" type="cond" truecount="1" falsecount="1"/>
      <line num="79" count="1431" type="cond" truecount="1" falsecount="1"/>
      <line num="82" count="1431" type="stmt"/>
      <line num="83" count="1431" type="stmt"/>
      <line num="87" count="47" type="cond" truecount="1" falsecount="1"/>
      <line num="88" count="47" type="stmt"/>
      <line num="90" count="47" type="cond" truecount="1" falsecount="1"/>
      <line num="92" count="47" type="cond" truecount="1" falsecount="1"/>
      <line num="93" count="47" type="stmt"/>
      <line num="95" count="47" type="cond" truecount="1" falsecount="1"/>
      <line num="96" count="47" type="stmt"/>
      <line num="97" count="47" type="stmt"/>
      <line num="98" count="47" type="stmt"/>
      <line num="102" count="177" type="cond" truecount="1" falsecount="1"/>
      <line num="103" count="177" type="stmt"/>
      <line num="105" count="177" type="cond" truecount="1" falsecount="1"/>
      <line num="107" count="130" type="cond" truecount="1" falsecount="1"/>
      <line num="109" count="47" type="cond" truecount="1" falsecount="1"/>
      <line num="110" count="47" type="stmt"/>
      <line num="111" count="177" type="cond" truecount="1" falsecount="1"/>
      <line num="113" count="177" type="stmt"/>
      <line num="115" count="130" type="cond" truecount="1" falsecount="1"/>
      <line num="116" count="130" type="cond" truecount="1" falsecount="1"/>
      <line num="118" count="177" type="stmt"/>
      <line num="119" count="177" type="stmt"/>
      <line num="123" count="176" type="cond" truecount="1" falsecount="1"/>
      <line num="124" count="176" type="stmt"/>
      <line num="126" count="176" type="cond" truecount="1" falsecount="1"/>
      <line num="128" count="72" type="cond" truecount="1" falsecount="1"/>
      <line num="130" count="24" type="cond" truecount="1" falsecount="1"/>
      <line num="132" count="29" type="cond" truecount="1" falsecount="1"/>
      <line num="133" count="29" type="stmt"/>
      <line num="134" count="77" type="stmt"/>
      <line num="135" count="176" type="cond" truecount="1" falsecount="1"/>
      <line num="137" count="176" type="stmt"/>
      <line num="138" count="176" type="stmt"/>
      <line num="142" count="77" type="cond" truecount="1" falsecount="1"/>
      <line num="143" count="77" type="stmt"/>
      <line num="145" count="29" type="cond" truecount="1" falsecount="1"/>
      <line num="146" count="29" type="stmt"/>
      <line num="147" count="48" type="cond" truecount="1" falsecount="1"/>
      <line num="148" count="29" type="cond" truecount="2" falsecount="0"/>
      <line num="150" count="77" type="cond" truecount="1" falsecount="1"/>
      <line num="152" count="24" type="cond" truecount="1" falsecount="1"/>
      <line num="153" count="77" type="cond" truecount="1" falsecount="1"/>
      <line num="155" count="77" type="stmt"/>
      <line num="156" count="77" type="stmt"/>
      <line num="160" count="966" type="cond" truecount="1" falsecount="1"/>
      <line num="161" count="966" type="stmt"/>
      <line num="163" count="271" type="cond" truecount="1" falsecount="1"/>
      <line num="164" count="271" type="stmt"/>
      <line num="165" count="458" type="stmt"/>
      <line num="167" count="160" type="cond" truecount="1" falsecount="1"/>
      <line num="168" count="160" type="stmt"/>
      <line num="169" count="344" type="stmt"/>
      <line num="171" count="164" type="cond" truecount="1" falsecount="1"/>
      <line num="172" count="164" type="stmt"/>
      <line num="173" count="247" type="stmt"/>
      <line num="175" count="91" type="cond" truecount="1" falsecount="1"/>
      <line num="176" count="91" type="stmt"/>
      <line num="177" count="91" type="stmt"/>
      <line num="179" count="140" type="cond" truecount="1" falsecount="1"/>
      <line num="180" count="140" type="stmt"/>
      <line num="181" count="140" type="stmt"/>
      <line num="183" count="48" type="cond" truecount="1" falsecount="1"/>
      <line num="184" count="48" type="stmt"/>
      <line num="185" count="192" type="stmt"/>
      <line num="187" count="153" type="cond" truecount="1" falsecount="1"/>
      <line num="188" count="153" type="stmt"/>
      <line num="189" count="378" type="stmt"/>
      <line num="191" count="33" type="cond" truecount="1" falsecount="1"/>
      <line num="192" count="33" type="stmt"/>
      <line num="193" count="66" type="stmt"/>
      <line num="195" count="85" type="cond" truecount="1" falsecount="1"/>
      <line num="196" count="85" type="stmt"/>
      <line num="197" count="137" type="stmt"/>
      <line num="199" count="92" type="cond" truecount="1" falsecount="1"/>
      <line num="200" count="92" type="stmt"/>
      <line num="201" count="41" type="stmt"/>
      <line num="203" count="42" type="cond" truecount="1" falsecount="1"/>
      <line num="204" count="42" type="stmt"/>
      <line num="205" count="42" type="stmt"/>
      <line num="206" count="966" type="stmt"/>
      <line num="209" count="1279" type="stmt"/>
      <line num="210" count="2136" type="cond" truecount="1" falsecount="1"/>
      <line num="211" count="966" type="stmt"/>
      <line num="212" count="966" type="stmt"/>
      <line num="216" count="638" type="cond" truecount="1" falsecount="1"/>
      <line num="217" count="638" type="stmt"/>
      <line num="219" count="575" type="stmt"/>
      <line num="220" count="638" type="stmt"/>
      <line num="221" count="638" type="stmt"/>
      <line num="225" count="847" type="cond" truecount="1" falsecount="1"/>
      <line num="226" count="847" type="stmt"/>
      <line num="228" count="41" type="cond" truecount="1" falsecount="1"/>
      <line num="229" count="41" type="stmt"/>
      <line num="231" count="33" type="cond" truecount="1" falsecount="1"/>
      <line num="233" count="41" type="cond" truecount="1" falsecount="1"/>
      <line num="235" count="33" type="cond" truecount="1" falsecount="1"/>
      <line num="236" count="33" type="stmt"/>
      <line num="237" count="33" type="stmt"/>
      <line num="239" count="223" type="cond" truecount="1" falsecount="1"/>
      <line num="240" count="223" type="stmt"/>
      <line num="241" count="363" type="stmt"/>
      <line num="243" count="40" type="cond" truecount="1" falsecount="1"/>
      <line num="244" count="40" type="stmt"/>
      <line num="245" count="40" type="stmt"/>
      <line num="246" count="40" type="stmt"/>
      <line num="248" count="40" type="cond" truecount="1" falsecount="1"/>
      <line num="249" count="40" type="cond" truecount="2" falsecount="0"/>
      <line num="250" count="40" type="cond" truecount="2" falsecount="0"/>
      <line num="261" count="299" type="stmt"/>
      <line num="263" count="107" type="stmt"/>
      <line num="265" count="264" type="stmt"/>
      <line num="267" count="33" type="stmt"/>
      <line num="269" count="33" type="stmt"/>
      <line num="271" count="33" type="stmt"/>
      <line num="273" count="33" type="stmt"/>
      <line num="275" count="33" type="stmt"/>
      <line num="277" count="34" type="stmt"/>
      <line num="278" count="847" type="stmt"/>
      <line num="279" count="847" type="stmt"/>
      <line num="283" count="909" type="cond" truecount="1" falsecount="1"/>
      <line num="284" count="909" type="stmt"/>
      <line num="286" count="36" type="cond" truecount="1" falsecount="1"/>
      <line num="287" count="36" type="stmt"/>
      <line num="288" count="36" type="cond" truecount="1" falsecount="1"/>
      <line num="290" count="183" type="cond" truecount="1" falsecount="1"/>
      <line num="292" count="144" type="cond" truecount="1" falsecount="1"/>
      <line num="294" count="33" type="stmt"/>
      <line num="296" count="193" type="cond" truecount="1" falsecount="1"/>
      <line num="298" count="110" type="cond" truecount="1" falsecount="1"/>
      <line num="299" count="110" type="stmt"/>
      <line num="300" count="69" type="stmt"/>
      <line num="302" count="377" type="stmt"/>
      <line num="304" count="522" type="stmt"/>
      <line num="306" count="33" type="cond" truecount="1" falsecount="1"/>
      <line num="307" count="33" type="stmt"/>
      <line num="308" count="66" type="stmt"/>
      <line num="310" count="33" type="stmt"/>
      <line num="311" count="33" type="cond" truecount="1" falsecount="1"/>
      <line num="313" count="73" type="cond" truecount="1" falsecount="1"/>
      <line num="314" count="73" type="stmt"/>
      <line num="315" count="73" type="stmt"/>
      <line num="317" count="33" type="cond" truecount="1" falsecount="1"/>
      <line num="318" count="33" type="stmt"/>
      <line num="319" count="33" type="stmt"/>
      <line num="320" count="909" type="stmt"/>
      <line num="321" count="909" type="stmt"/>
      <line num="325" count="102" type="cond" truecount="1" falsecount="1"/>
      <line num="326" count="102" type="stmt"/>
      <line num="328" count="102" type="cond" truecount="1" falsecount="1"/>
      <line num="330" count="102" type="cond" truecount="1" falsecount="1"/>
      <line num="331" count="102" type="stmt"/>
      <line num="332" count="102" type="cond" truecount="1" falsecount="1"/>
      <line num="334" count="102" type="stmt"/>
      <line num="335" count="102" type="stmt"/>
      <line num="339" count="646" type="cond" truecount="1" falsecount="1"/>
      <line num="340" count="646" type="stmt"/>
      <line num="342" count="646" type="cond" truecount="1" falsecount="1"/>
      <line num="344" count="646" type="cond" truecount="1" falsecount="1"/>
      <line num="351" count="400" type="cond" truecount="1" falsecount="1"/>
      <line num="353" count="400" type="stmt"/>
      <line num="354" count="400" type="cond" truecount="1" falsecount="1"/>
      <line num="356" count="33" type="stmt"/>
      <line num="357" count="33" type="cond" truecount="1" falsecount="1"/>
      <line num="359" count="568" type="stmt"/>
      <line num="361" count="78" type="stmt"/>
      <line num="362" count="78" type="cond" truecount="1" falsecount="1"/>
      <line num="363" count="78" type="cond" truecount="1" falsecount="1"/>
      <line num="364" count="646" type="cond" truecount="1" falsecount="1"/>
      <line num="367" count="646" type="cond" truecount="1" falsecount="1"/>
      <line num="368" count="646" type="cond" truecount="2" falsecount="0"/>
      <line num="370" count="646" type="cond" truecount="2" falsecount="0"/>
      <line num="372" count="646" type="stmt"/>
      <line num="373" count="646" type="stmt"/>
      <line num="374" count="646" type="stmt"/>
      <line num="375" count="646" type="stmt"/>
      <line num="376" count="646" type="stmt"/>
      <line num="378" count="646" type="cond" truecount="2" falsecount="0"/>
      <line num="379" count="646" type="cond" truecount="1" falsecount="1"/>
      <line num="381" count="646" type="stmt"/>
      <line num="382" count="314" type="stmt"/>
      <line num="384" count="33" type="stmt"/>
      <line num="385" count="33" type="cond" truecount="1" falsecount="1"/>
      <line num="386" count="646" type="stmt"/>
      <line num="387" count="646" type="stmt"/>
      <line num="389" count="646" type="cond" truecount="2" falsecount="0"/>
      <line num="390" count="646" type="cond" truecount="1" falsecount="1"/>
      <line num="392" count="646" type="stmt"/>
      <line num="393" count="50" type="cond" truecount="2" falsecount="0"/>
      <line num="395" count="646" type="stmt"/>
      <line num="397" count="568" type="stmt"/>
      <line num="399" count="178" type="cond" truecount="1" falsecount="1"/>
      <line num="401" count="35" type="cond" truecount="1" falsecount="1"/>
      <line num="403" count="33" type="stmt"/>
      <line num="404" count="33" type="cond" truecount="1" falsecount="1"/>
      <line num="405" count="568" type="stmt"/>
      <line num="406" count="568" type="stmt"/>
      <line num="407" count="568" type="stmt"/>
      <line num="408" count="568" type="stmt"/>
      <line num="409" count="568" type="stmt"/>
      <line num="410" count="568" type="stmt"/>
      <line num="414" count="568" type="stmt"/>
      <line num="415" count="568" type="stmt"/>
      <line num="417" count="568" type="cond" truecount="2" falsecount="0"/>
      <line num="418" count="568" type="cond" truecount="1" falsecount="1"/>
      <line num="420" count="568" type="stmt"/>
      <line num="421" count="197" type="stmt"/>
      <line num="423" count="40" type="stmt"/>
      <line num="424" count="40" type="cond" truecount="1" falsecount="1"/>
      <line num="429" count="197" type="cond" truecount="1" falsecount="1"/>
      <line num="430" count="197" type="cond" truecount="1" falsecount="1"/>
      <line num="434" count="568" type="stmt"/>
      <line num="435" count="568" type="stmt"/>
      <line num="437" count="568" type="cond" truecount="2" falsecount="0"/>
      <line num="438" count="568" type="cond" truecount="1" falsecount="1"/>
      <line num="440" count="568" type="stmt"/>
      <line num="441" count="52" type="stmt"/>
      <line num="443" count="35" type="stmt"/>
      <line num="444" count="35" type="cond" truecount="1" falsecount="1"/>
      <line num="447" count="568" type="stmt"/>
      <line num="448" count="568" type="stmt"/>
      <line num="450" count="568" type="cond" truecount="2" falsecount="0"/>
      <line num="451" count="568" type="cond" truecount="1" falsecount="1"/>
      <line num="453" count="568" type="stmt"/>
      <line num="454" count="279" type="stmt"/>
      <line num="456" count="70" type="stmt"/>
      <line num="457" count="70" type="cond" truecount="1" falsecount="1"/>
      <line num="464" count="568" type="stmt"/>
      <line num="465" count="568" type="stmt"/>
      <line num="467" count="568" type="cond" truecount="2" falsecount="0"/>
      <line num="468" count="568" type="cond" truecount="1" falsecount="1"/>
      <line num="470" count="568" type="stmt"/>
      <line num="471" count="33" type="stmt"/>
      <line num="473" count="33" type="stmt"/>
      <line num="474" count="33" type="cond" truecount="1" falsecount="1"/>
      <line num="476" count="646" type="stmt"/>
      <line num="479" count="679" type="stmt"/>
      <line num="480" count="679" type="cond" truecount="1" falsecount="1"/>
      <line num="481" count="679" type="cond" truecount="2" falsecount="0"/>
      <line num="483" count="679" type="stmt"/>
      <line num="484" count="33" type="stmt"/>
      <line num="485" count="679" type="stmt"/>
      <line num="486" count="646" type="stmt"/>
      <line num="490" count="484" type="cond" truecount="1" falsecount="1"/>
      <line num="491" count="484" type="stmt"/>
      <line num="493" count="225" type="cond" truecount="1" falsecount="1"/>
      <line num="495" count="484" type="stmt"/>
      <line num="497" count="47" type="stmt"/>
      <line num="498" count="47" type="cond" truecount="1" falsecount="1"/>
      <line num="499" count="484" type="cond" truecount="1" falsecount="1"/>
      <line num="501" count="484" type="stmt"/>
      <line num="502" count="484" type="stmt"/>
      <line num="505" count="517" type="stmt"/>
      <line num="506" count="517" type="cond" truecount="1" falsecount="1"/>
      <line num="507" count="517" type="cond" truecount="2" falsecount="0"/>
      <line num="509" count="517" type="stmt"/>
      <line num="510" count="33" type="stmt"/>
      <line num="511" count="517" type="stmt"/>
      <line num="512" count="484" type="stmt"/>
      <line num="516" count="1199" type="cond" truecount="1" falsecount="1"/>
      <line num="517" count="1199" type="stmt"/>
      <line num="518" count="1757" type="stmt"/>
      <line num="519" count="1199" type="stmt"/>
      <line num="520" count="1757" type="stmt"/>
      <line num="524" count="1715" type="cond" truecount="1" falsecount="1"/>
      <line num="525" count="1715" type="stmt"/>
      <line num="527" count="42" type="cond" truecount="1" falsecount="1"/>
      <line num="529" count="1315" type="stmt"/>
      <line num="531" count="42" type="stmt"/>
      <line num="533" count="154" type="cond" truecount="1" falsecount="1"/>
      <line num="534" count="154" type="stmt"/>
      <line num="535" count="343" type="stmt"/>
      <line num="537" count="89" type="cond" truecount="1" falsecount="1"/>
      <line num="538" count="89" type="stmt"/>
      <line num="539" count="79" type="stmt"/>
      <line num="541" count="53" type="stmt"/>
      <line num="542" count="1715" type="stmt"/>
      <line num="543" count="1715" type="stmt"/>
      <line num="544" count="1715" type="stmt"/>
      <line num="545" count="1715" type="stmt"/>
      <line num="547" count="154" type="stmt"/>
      <line num="550" count="1715" type="stmt"/>
      <line num="553" count="1799" type="stmt"/>
      <line num="554" count="1799" type="cond" truecount="1" falsecount="1"/>
      <line num="555" count="1799" type="cond" truecount="2" falsecount="0"/>
      <line num="557" count="1799" type="stmt"/>
      <line num="558" count="84" type="stmt"/>
      <line num="559" count="1799" type="stmt"/>
      <line num="560" count="1715" type="stmt"/>
      <line num="564" count="619" type="cond" truecount="2" falsecount="0"/>
      <line num="565" count="619" type="stmt"/>
      <line num="567" count="338" type="cond" truecount="1" falsecount="1"/>
      <line num="568" count="338" type="stmt"/>
      <line num="570" count="84" type="cond" truecount="1" falsecount="1"/>
      <line num="571" count="84" type="stmt"/>
      <line num="572" count="84" type="stmt"/>
      <line num="574" count="84" type="stmt"/>
      <line num="575" count="84" type="cond" truecount="1" falsecount="1"/>
      <line num="581" count="84" type="cond" truecount="1" falsecount="1"/>
      <line num="583" count="42" type="stmt"/>
      <line num="584" count="42" type="cond" truecount="1" falsecount="1"/>
      <line num="586" count="79" type="cond" truecount="1" falsecount="1"/>
      <line num="587" count="79" type="stmt"/>
      <line num="588" count="42" type="stmt"/>
      <line num="590" count="61" type="cond" truecount="1" falsecount="1"/>
      <line num="591" count="61" type="stmt"/>
      <line num="592" count="42" type="stmt"/>
      <line num="594" count="60" type="stmt"/>
      <line num="595" count="619" type="stmt"/>
      <line num="596" count="619" type="stmt"/>
      <line num="597" count="619" type="stmt"/>
      <line num="598" count="619" type="stmt"/>
      <line num="600" count="79" type="stmt"/>
      <line num="603" count="619" type="stmt"/>
      <line num="607" count="522" type="cond" truecount="1" falsecount="1"/>
      <line num="608" count="522" type="stmt"/>
      <line num="610" count="147" type="stmt"/>
      <line num="611" count="522" type="stmt"/>
      <line num="613" count="525" type="stmt"/>
      <line num="614" count="522" type="cond" truecount="1" falsecount="1"/>
      <line num="615" count="522" type="stmt"/>
      <line num="616" count="522" type="stmt"/>
      <line num="617" count="522" type="stmt"/>
      <line num="619" count="522" type="stmt"/>
      <line num="621" count="522" type="stmt"/>
      <line num="622" count="33" type="cond" truecount="1" falsecount="1"/>
      <line num="626" count="983" type="cond" truecount="1" falsecount="1"/>
      <line num="627" count="983" type="stmt"/>
      <line num="629" count="28" type="cond" truecount="1" falsecount="1"/>
      <line num="631" count="983" type="cond" truecount="1" falsecount="1"/>
      <line num="633" count="28" type="cond" truecount="1" falsecount="1"/>
      <line num="634" count="28" type="stmt"/>
      <line num="635" count="84" type="stmt"/>
      <line num="637" count="589" type="stmt"/>
      <line num="639" count="43" type="cond" truecount="1" falsecount="1"/>
      <line num="640" count="43" type="stmt"/>
      <line num="641" count="215" type="stmt"/>
      <line num="642" count="983" type="stmt"/>
      <line num="643" count="983" type="stmt"/>
      <line num="646" count="1016" type="stmt"/>
      <line num="647" count="1016" type="cond" truecount="1" falsecount="1"/>
      <line num="648" count="1016" type="cond" truecount="2" falsecount="0"/>
      <line num="650" count="1016" type="stmt"/>
      <line num="651" count="33" type="stmt"/>
      <line num="652" count="1016" type="stmt"/>
      <line num="653" count="983" type="stmt"/>
      <line num="657" count="170" type="cond" truecount="1" falsecount="1"/>
      <line num="658" count="170" type="stmt"/>
      <line num="659" count="170" type="stmt"/>
      <line num="660" count="170" type="stmt"/>
      <line num="663" count="203" type="stmt"/>
      <line num="664" count="203" type="cond" truecount="1" falsecount="1"/>
      <line num="665" count="203" type="cond" truecount="2" falsecount="0"/>
      <line num="667" count="203" type="stmt"/>
      <line num="668" count="33" type="stmt"/>
      <line num="669" count="203" type="stmt"/>
      <line num="670" count="170" type="stmt"/>
      <line num="674" count="553" type="cond" truecount="1" falsecount="1"/>
      <line num="675" count="553" type="stmt"/>
      <line num="677" count="429" type="cond" truecount="1" falsecount="1"/>
      <line num="679" count="82" type="cond" truecount="1" falsecount="1"/>
      <line num="682" count="76" type="cond" truecount="1" falsecount="1"/>
      <line num="685" count="243" type="cond" truecount="1" falsecount="1"/>
      <line num="686" count="243" type="stmt"/>
      <line num="687" count="553" type="stmt"/>
      <line num="688" count="553" type="cond" truecount="2" falsecount="0"/>
      <line num="689" count="553" type="cond" truecount="2" falsecount="0"/>
      <line num="692" count="553" type="cond" truecount="2" falsecount="0"/>
      <line num="693" count="553" type="cond" truecount="2" falsecount="0"/>
      <line num="696" count="553" type="cond" truecount="2" falsecount="0"/>
      <line num="697" count="553" type="cond" truecount="2" falsecount="0"/>
      <line num="700" count="553" type="cond" truecount="2" falsecount="0"/>
      <line num="701" count="553" type="cond" truecount="2" falsecount="0"/>
      <line num="704" count="553" type="stmt"/>
      <line num="705" count="553" type="stmt"/>
      <line num="708" count="693" type="stmt"/>
      <line num="709" count="693" type="cond" truecount="1" falsecount="1"/>
      <line num="710" count="693" type="cond" truecount="2" falsecount="0"/>
      <line num="712" count="693" type="stmt"/>
      <line num="713" count="140" type="stmt"/>
      <line num="714" count="693" type="stmt"/>
      <line num="715" count="553" type="stmt"/>
      <line num="719" count="248" type="cond" truecount="1" falsecount="1"/>
      <line num="720" count="248" type="stmt"/>
      <line num="722" count="86" type="cond" truecount="1" falsecount="1"/>
      <line num="723" count="86" type="stmt"/>
      <line num="725" count="162" type="cond" truecount="1" falsecount="1"/>
      <line num="727" count="205" type="stmt"/>
      <line num="730" count="33" type="cond" truecount="1" falsecount="1"/>
      <line num="732" count="33" type="stmt"/>
      <line num="733" count="248" type="cond" truecount="1" falsecount="1"/>
      <line num="734" count="248" type="cond" truecount="2" falsecount="0"/>
      <line num="736" count="248" type="cond" truecount="2" falsecount="0"/>
      <line num="738" count="248" type="stmt"/>
      <line num="739" count="248" type="stmt"/>
      <line num="742" count="281" type="stmt"/>
      <line num="743" count="281" type="cond" truecount="1" falsecount="1"/>
      <line num="744" count="281" type="cond" truecount="2" falsecount="0"/>
      <line num="746" count="281" type="stmt"/>
      <line num="747" count="33" type="stmt"/>
      <line num="748" count="281" type="stmt"/>
      <line num="749" count="248" type="stmt"/>
      <line num="753" count="312" type="cond" truecount="1" falsecount="1"/>
      <line num="754" count="312" type="stmt"/>
      <line num="756" count="174" type="cond" truecount="1" falsecount="1"/>
      <line num="758" count="48" type="stmt"/>
      <line num="759" count="48" type="cond" truecount="1" falsecount="1"/>
      <line num="761" count="48" type="stmt"/>
      <line num="762" count="48" type="cond" truecount="1" falsecount="1"/>
      <line num="764" count="264" type="stmt"/>
      <line num="766" count="48" type="stmt"/>
      <line num="767" count="48" type="cond" truecount="1" falsecount="1"/>
      <line num="768" count="48" type="cond" truecount="1" falsecount="1"/>
      <line num="769" count="312" type="cond" truecount="1" falsecount="1"/>
      <line num="770" count="312" type="cond" truecount="2" falsecount="0"/>
      <line num="772" count="312" type="cond" truecount="2" falsecount="0"/>
      <line num="774" count="312" type="stmt"/>
      <line num="776" count="264" type="stmt"/>
      <line num="778" count="48" type="stmt"/>
      <line num="779" count="48" type="cond" truecount="1" falsecount="1"/>
      <line num="781" count="48" type="stmt"/>
      <line num="782" count="48" type="cond" truecount="1" falsecount="1"/>
      <line num="784" count="48" type="stmt"/>
      <line num="785" count="48" type="cond" truecount="1" falsecount="1"/>
      <line num="786" count="264" type="stmt"/>
      <line num="787" count="312" type="stmt"/>
      <line num="788" count="312" type="stmt"/>
      <line num="789" count="312" type="stmt"/>
      <line num="790" count="312" type="stmt"/>
      <line num="793" count="360" type="stmt"/>
      <line num="794" count="360" type="cond" truecount="1" falsecount="1"/>
      <line num="795" count="360" type="cond" truecount="2" falsecount="0"/>
      <line num="797" count="360" type="stmt"/>
      <line num="798" count="48" type="stmt"/>
      <line num="799" count="360" type="stmt"/>
      <line num="800" count="312" type="stmt"/>
      <line num="804" count="66" type="cond" truecount="1" falsecount="1"/>
      <line num="805" count="66" type="stmt"/>
      <line num="807" count="66" type="cond" truecount="1" falsecount="1"/>
      <line num="809" count="66" type="cond" truecount="1" falsecount="1"/>
      <line num="811" count="66" type="cond" truecount="1" falsecount="1"/>
      <line num="813" count="22" type="stmt"/>
      <line num="815" count="22" type="cond" truecount="1" falsecount="1"/>
      <line num="817" count="66" type="cond" truecount="1" falsecount="1"/>
      <line num="818" count="66" type="cond" truecount="1" falsecount="1"/>
      <line num="820" count="66" type="stmt"/>
      <line num="821" count="66" type="stmt"/>
      <line num="825" count="462" type="cond" truecount="1" falsecount="1"/>
      <line num="826" count="462" type="stmt"/>
      <line num="828" count="462" type="cond" truecount="1" falsecount="1"/>
      <line num="829" count="462" type="stmt"/>
      <line num="831" count="33" type="cond" truecount="1" falsecount="1"/>
      <line num="833" count="33" type="cond" truecount="1" falsecount="1"/>
      <line num="838" count="53" type="cond" truecount="1" falsecount="1"/>
      <line num="844" count="353" type="cond" truecount="1" falsecount="1"/>
      <line num="845" count="353" type="stmt"/>
      <line num="847" count="353" type="cond" truecount="1" falsecount="1"/>
      <line num="854" count="62" type="cond" truecount="1" falsecount="1"/>
      <line num="856" count="25" type="stmt"/>
      <line num="857" count="25" type="cond" truecount="1" falsecount="1"/>
      <line num="858" count="353" type="cond" truecount="1" falsecount="1"/>
      <line num="860" count="353" type="stmt"/>
      <line num="861" count="353" type="stmt"/>
      <line num="862" count="353" type="stmt"/>
      <line num="863" count="353" type="stmt"/>
      <line num="864" count="353" type="stmt"/>
      <line num="865" count="353" type="stmt"/>
      <line num="866" count="353" type="stmt"/>
      <line num="867" count="353" type="stmt"/>
      <line num="871" count="353" type="stmt"/>
      <line num="872" count="353" type="stmt"/>
      <line num="874" count="353" type="cond" truecount="2" falsecount="0"/>
      <line num="875" count="353" type="cond" truecount="1" falsecount="1"/>
      <line num="877" count="353" type="stmt"/>
      <line num="878" count="75" type="stmt"/>
      <line num="880" count="75" type="cond" truecount="1" falsecount="1"/>
      <line num="882" count="75" type="cond" truecount="1" falsecount="1"/>
      <line num="886" count="75" type="cond" truecount="1" falsecount="1"/>
      <line num="891" count="353" type="stmt"/>
      <line num="892" count="353" type="stmt"/>
      <line num="894" count="353" type="cond" truecount="2" falsecount="0"/>
      <line num="895" count="353" type="cond" truecount="1" falsecount="1"/>
      <line num="897" count="353" type="stmt"/>
      <line num="898" count="87" type="stmt"/>
      <line num="900" count="87" type="cond" truecount="1" falsecount="1"/>
      <line num="901" count="87" type="cond" truecount="1" falsecount="1"/>
      <line num="905" count="353" type="stmt"/>
      <line num="906" count="353" type="stmt"/>
      <line num="908" count="353" type="cond" truecount="2" falsecount="0"/>
      <line num="910" count="87" type="cond" truecount="1" falsecount="1"/>
      <line num="911" count="87" type="cond" truecount="2" falsecount="0"/>
      <line num="912" count="353" type="cond" truecount="2" falsecount="0"/>
      <line num="915" count="353" type="stmt"/>
      <line num="916" count="62" type="stmt"/>
      <line num="918" count="62" type="cond" truecount="1" falsecount="1"/>
      <line num="921" count="353" type="stmt"/>
      <line num="922" count="353" type="stmt"/>
      <line num="924" count="353" type="cond" truecount="2" falsecount="0"/>
      <line num="925" count="353" type="cond" truecount="1" falsecount="1"/>
      <line num="927" count="353" type="stmt"/>
      <line num="928" count="100" type="stmt"/>
      <line num="930" count="100" type="stmt"/>
      <line num="932" count="25" type="cond" truecount="1" falsecount="1"/>
      <line num="933" count="25" type="stmt"/>
      <line num="934" count="100" type="cond" truecount="1" falsecount="1"/>
      <line num="938" count="353" type="stmt"/>
      <line num="939" count="353" type="stmt"/>
      <line num="941" count="353" type="cond" truecount="2" falsecount="0"/>
      <line num="942" count="353" type="cond" truecount="1" falsecount="1"/>
      <line num="944" count="353" type="stmt"/>
      <line num="945" count="25" type="stmt"/>
      <line num="947" count="25" type="cond" truecount="1" falsecount="1"/>
      <line num="948" count="25" type="stmt"/>
      <line num="949" count="25" type="cond" truecount="1" falsecount="1"/>
      <line num="953" count="378" type="stmt"/>
      <line num="954" count="378" type="cond" truecount="1" falsecount="1"/>
      <line num="955" count="378" type="cond" truecount="2" falsecount="0"/>
      <line num="957" count="378" type="stmt"/>
      <line num="958" count="25" type="stmt"/>
      <line num="959" count="378" type="stmt"/>
      <line num="960" count="353" type="stmt"/>
      <line num="963" count="100" type="cond" truecount="1" falsecount="1"/>
      <line num="964" count="100" type="stmt"/>
      <line num="966" count="75" type="stmt"/>
      <line num="968" count="25" type="stmt"/>
      <line num="970" count="25" type="stmt"/>
      <line num="972" count="25" type="stmt"/>
      <line num="974" count="25" type="stmt"/>
      <line num="975" count="100" type="stmt"/>
      <line num="976" count="100" type="stmt"/>
      <line num="980" count="75" type="cond" truecount="1" falsecount="1"/>
      <line num="981" count="75" type="stmt"/>
      <line num="983" count="75" type="cond" truecount="1" falsecount="1"/>
      <line num="984" count="75" type="stmt"/>
      <line num="986" count="25" type="cond" truecount="1" falsecount="1"/>
      <line num="987" count="25" type="stmt"/>
      <line num="989" count="75" type="stmt"/>
      <line num="990" count="75" type="cond" truecount="1" falsecount="1"/>
      <line num="993" count="75" type="stmt"/>
      <line num="994" count="75" type="stmt"/>
      <line num="997" count="25" type="cond" truecount="1" falsecount="1"/>
      <line num="998" count="25" type="stmt"/>
      <line num="1000" count="25" type="cond" truecount="1" falsecount="1"/>
      <line num="1001" count="25" type="stmt"/>
      <line num="1003" count="25" type="cond" truecount="1" falsecount="1"/>
      <line num="1004" count="25" type="stmt"/>
      <line num="1006" count="25" type="stmt"/>
      <line num="1007" count="25" type="cond" truecount="1" falsecount="1"/>
      <line num="1010" count="25" type="stmt"/>
      <line num="1011" count="25" type="stmt"/>
      <line num="1014" count="25" type="cond" truecount="1" falsecount="1"/>
      <line num="1015" count="25" type="stmt"/>
      <line num="1017" count="25" type="cond" truecount="1" falsecount="1"/>
      <line num="1018" count="25" type="stmt"/>
      <line num="1020" count="25" type="cond" truecount="1" falsecount="1"/>
      <line num="1021" count="25" type="stmt"/>
      <line num="1023" count="25" type="stmt"/>
      <line num="1024" count="25" type="cond" truecount="1" falsecount="1"/>
      <line num="1027" count="25" type="stmt"/>
      <line num="1028" count="25" type="stmt"/>
      <line num="1031" count="25" type="cond" truecount="1" falsecount="1"/>
      <line num="1032" count="25" type="stmt"/>
      <line num="1034" count="25" type="cond" truecount="1" falsecount="1"/>
      <line num="1035" count="25" type="stmt"/>
      <line num="1037" count="25" type="cond" truecount="1" falsecount="1"/>
      <line num="1038" count="25" type="stmt"/>
      <line num="1040" count="25" type="cond" truecount="1" falsecount="1"/>
      <line num="1041" count="25" type="stmt"/>
      <line num="1043" count="25" type="stmt"/>
      <line num="1044" count="25" type="cond" truecount="1" falsecount="1"/>
      <line num="1048" count="25" type="stmt"/>
      <line num="1049" count="25" type="stmt"/>
      <line num="1052" count="25" type="cond" truecount="1" falsecount="1"/>
      <line num="1053" count="25" type="stmt"/>
      <line num="1055" count="25" type="cond" truecount="1" falsecount="1"/>
      <line num="1056" count="25" type="stmt"/>
      <line num="1058" count="25" type="cond" truecount="1" falsecount="1"/>
      <line num="1059" count="25" type="stmt"/>
      <line num="1061" count="25" type="cond" truecount="1" falsecount="1"/>
      <line num="1062" count="25" type="stmt"/>
      <line num="1064" count="25" type="stmt"/>
      <line num="1065" count="25" type="cond" truecount="1" falsecount="1"/>
      <line num="1069" count="25" type="stmt"/>
      <line num="1070" count="25" type="stmt"/>
      <line num="1074" count="198" type="cond" truecount="1" falsecount="1"/>
      <line num="1075" count="198" type="stmt"/>
      <line num="1076" count="198" type="cond" truecount="1" falsecount="1"/>
      <line num="1077" count="198" type="stmt"/>
      <line num="1078" count="196" type="cond" truecount="1" falsecount="1"/>
      <line num="1082" count="13747" type="stmt"/>
      <line num="1086" count="2937" type="stmt"/>
      <line num="1089" count="469" type="cond" truecount="1" falsecount="1"/>
      <line num="1090" count="469" type="stmt"/>
      <line num="1091" count="602" type="stmt"/>
      <line num="1092" count="2937" type="cond" truecount="2" falsecount="0"/>
      <line num="1093" count="2937" type="cond" truecount="2" falsecount="0"/>
      <line num="1098" count="380" type="cond" truecount="1" falsecount="1"/>
      <line num="1099" count="380" type="stmt"/>
      <line num="1100" count="455" type="cond" truecount="1" falsecount="1"/>
      <line num="1103" count="1187" type="stmt"/>
      <line num="1104" count="1187" type="stmt"/>
      <line num="1106" count="262" type="cond" truecount="2" falsecount="0"/>
      <line num="1107" count="1187" type="cond" truecount="2" falsecount="0"/>
      <line num="1109" count="1187" type="stmt"/>
      <line num="1110" count="163" type="stmt"/>
      <line num="1112" count="77" type="stmt"/>
      <line num="1113" count="1187" type="stmt"/>
      <line num="1114" count="1024" type="stmt"/>
      <line num="1116" count="42" type="stmt"/>
    </file>
  </project>
</coverage>
