{"/Users/handrews/src/OpenAPI-Specification/src/schemas/validation/dialect.yaml": {"path":"/Users/handrews/src/OpenAPI-Specification/src/schemas/validation/dialect.yaml","statementMap":{"0":{"start":{"line":4,"column":0},"end":{"line":4,"column":40}},"1":{"start":{"line":5,"column":0},"end":{"line":5,"column":90}},"2":{"start":{"line":19,"column":0},"end":{"line":21,"column":65}},"3":{"start":{"line":20,"column":4},"end":{"line":20,"column":54}},"4":{"start":{"line":21,"column":4},"end":{"line":21,"column":65}}},"branchMap":{},"fnMap":{"0":{"name":"https://spec.openapis.org/oas/3.2/dialect/WORK-IN-PROGRESS#","decl":{"start":{"line":1,"column":0},"end":{"line":21,"column":65}},"loc":{"start":{"line":1,"column":0},"end":{"line":21,"column":65}},"line":1},"1":{"name":"https://spec.openapis.org/oas/3.2/dialect/WORK-IN-PROGRESS#/allOf/0","decl":{"start":{"line":20,"column":4},"end":{"line":20,"column":54}},"loc":{"start":{"line":20,"column":4},"end":{"line":20,"column":54}},"line":20},"2":{"name":"https://spec.openapis.org/oas/3.2/dialect/WORK-IN-PROGRESS#/allOf/1","decl":{"start":{"line":21,"column":4},"end":{"line":21,"column":65}},"loc":{"start":{"line":21,"column":4},"end":{"line":21,"column":65}},"line":21}},"s":{"0":2334,"1":2334,"2":2334,"3":2334,"4":2334},"b":{},"f":{"0":2334,"1":2334,"2":2334}}
,"/Users/handrews/src/OpenAPI-Specification/src/schemas/validation/meta.yaml": {"path":"/Users/handrews/src/OpenAPI-Specification/src/schemas/validation/meta.yaml","statementMap":{"0":{"start":{"line":4,"column":0},"end":{"line":4,"column":26}},"1":{"start":{"line":5,"column":0},"end":{"line":5,"column":77}},"2":{"start":{"line":12,"column":0},"end":{"line":14,"column":11}},"3":{"start":{"line":15,"column":0},"end":{"line":22,"column":23}},"4":{"start":{"line":17,"column":4},"end":{"line":17,"column":33}},"5":{"start":{"line":26,"column":4},"end":{"line":26,"column":30}},"6":{"start":{"line":27,"column":4},"end":{"line":35,"column":20}},"7":{"start":{"line":36,"column":4},"end":{"line":37,"column":20}},"8":{"start":{"line":38,"column":4},"end":{"line":38,"column":16}},"9":{"start":{"line":39,"column":4},"end":{"line":39,"column":32}},"10":{"start":{"line":42,"column":4},"end":{"line":43,"column":15}},"11":{"start":{"line":29,"column":8},"end":{"line":30,"column":22}},"12":{"start":{"line":31,"column":8},"end":{"line":31,"column":20}},"13":{"start":{"line":30,"column":10},"end":{"line":30,"column":22}},"14":{"start":{"line":33,"column":8},"end":{"line":33,"column":20}},"15":{"start":{"line":35,"column":8},"end":{"line":35,"column":20}},"16":{"start":{"line":20,"column":4},"end":{"line":20,"column":33}},"17":{"start":{"line":45,"column":4},"end":{"line":45,"column":30}},"18":{"start":{"line":46,"column":4},"end":{"line":51,"column":20}},"19":{"start":{"line":52,"column":4},"end":{"line":53,"column":11}},"20":{"start":{"line":54,"column":4},"end":{"line":54,"column":16}},"21":{"start":{"line":55,"column":4},"end":{"line":55,"column":32}},"22":{"start":{"line":48,"column":8},"end":{"line":48,"column":20}},"23":{"start":{"line":50,"column":8},"end":{"line":50,"column":29}},"24":{"start":{"line":51,"column":8},"end":{"line":51,"column":20}},"25":{"start":{"line":22,"column":4},"end":{"line":22,"column":23}},"26":{"start":{"line":58,"column":4},"end":{"line":58,"column":30}},"27":{"start":{"line":59,"column":4},"end":{"line":78,"column":21}},"28":{"start":{"line":79,"column":4},"end":{"line":79,"column":16}},"29":{"start":{"line":80,"column":4},"end":{"line":84,"column":24}},"30":{"start":{"line":85,"column":4},"end":{"line":85,"column":32}},"31":{"start":{"line":61,"column":8},"end":{"line":61,"column":20}},"32":{"start":{"line":62,"column":8},"end":{"line":67,"column":16}},"33":{"start":{"line":69,"column":8},"end":{"line":69,"column":20}},"34":{"start":{"line":71,"column":8},"end":{"line":71,"column":19}},"35":{"start":{"line":72,"column":8},"end":{"line":72,"column":20}},"36":{"start":{"line":74,"column":8},"end":{"line":74,"column":20}},"37":{"start":{"line":76,"column":8},"end":{"line":76,"column":21}},"38":{"start":{"line":78,"column":8},"end":{"line":78,"column":21}},"39":{"start":{"line":82,"column":8},"end":{"line":84,"column":24}}},"branchMap":{"0":{"line":12,"type":"keyword","loc":{"start":{"line":12,"column":0},"end":{"line":14,"column":11}},"locations":[{"start":{"line":12,"column":0},"end":{"line":14,"column":11}},{"start":{"line":12,"column":0},"end":{"line":14,"column":11}}]},"1":{"line":36,"type":"keyword","loc":{"start":{"line":36,"column":4},"end":{"line":37,"column":20}},"locations":[{"start":{"line":36,"column":4},"end":{"line":37,"column":20}},{"start":{"line":36,"column":4},"end":{"line":37,"column":20}}]},"2":{"line":38,"type":"keyword","loc":{"start":{"line":38,"column":4},"end":{"line":38,"column":16}},"locations":[{"start":{"line":38,"column":4},"end":{"line":38,"column":16}},{"start":{"line":38,"column":4},"end":{"line":38,"column":16}}]},"3":{"line":31,"type":"keyword","loc":{"start":{"line":31,"column":8},"end":{"line":31,"column":20}},"locations":[{"start":{"line":31,"column":8},"end":{"line":31,"column":20}},{"start":{"line":31,"column":8},"end":{"line":31,"column":20}}]},"4":{"line":30,"type":"keyword","loc":{"start":{"line":30,"column":10},"end":{"line":30,"column":22}},"locations":[{"start":{"line":30,"column":10},"end":{"line":30,"column":22}},{"start":{"line":30,"column":10},"end":{"line":30,"column":22}}]},"5":{"line":33,"type":"keyword","loc":{"start":{"line":33,"column":8},"end":{"line":33,"column":20}},"locations":[{"start":{"line":33,"column":8},"end":{"line":33,"column":20}},{"start":{"line":33,"column":8},"end":{"line":33,"column":20}}]},"6":{"line":35,"type":"keyword","loc":{"start":{"line":35,"column":8},"end":{"line":35,"column":20}},"locations":[{"start":{"line":35,"column":8},"end":{"line":35,"column":20}},{"start":{"line":35,"column":8},"end":{"line":35,"column":20}}]},"7":{"line":52,"type":"keyword","loc":{"start":{"line":52,"column":4},"end":{"line":53,"column":11}},"locations":[{"start":{"line":52,"column":4},"end":{"line":53,"column":11}},{"start":{"line":52,"column":4},"end":{"line":53,"column":11}}]},"8":{"line":54,"type":"keyword","loc":{"start":{"line":54,"column":4},"end":{"line":54,"column":16}},"locations":[{"start":{"line":54,"column":4},"end":{"line":54,"column":16}},{"start":{"line":54,"column":4},"end":{"line":54,"column":16}}]},"9":{"line":48,"type":"keyword","loc":{"start":{"line":48,"column":8},"end":{"line":48,"column":20}},"locations":[{"start":{"line":48,"column":8},"end":{"line":48,"column":20}},{"start":{"line":48,"column":8},"end":{"line":48,"column":20}}]},"10":{"line":51,"type":"keyword","loc":{"start":{"line":51,"column":8},"end":{"line":51,"column":20}},"locations":[{"start":{"line":51,"column":8},"end":{"line":51,"column":20}},{"start":{"line":51,"column":8},"end":{"line":51,"column":20}}]},"11":{"line":79,"type":"keyword","loc":{"start":{"line":79,"column":4},"end":{"line":79,"column":16}},"locations":[{"start":{"line":79,"column":4},"end":{"line":79,"column":16}},{"start":{"line":79,"column":4},"end":{"line":79,"column":16}}]},"12":{"line":61,"type":"keyword","loc":{"start":{"line":61,"column":8},"end":{"line":61,"column":20}},"locations":[{"start":{"line":61,"column":8},"end":{"line":61,"column":20}},{"start":{"line":61,"column":8},"end":{"line":61,"column":20}}]},"13":{"line":62,"type":"keyword","loc":{"start":{"line":62,"column":8},"end":{"line":67,"column":16}},"locations":[{"start":{"line":62,"column":8},"end":{"line":67,"column":16}},{"start":{"line":62,"column":8},"end":{"line":67,"column":16}}]},"14":{"line":69,"type":"keyword","loc":{"start":{"line":69,"column":8},"end":{"line":69,"column":20}},"locations":[{"start":{"line":69,"column":8},"end":{"line":69,"column":20}},{"start":{"line":69,"column":8},"end":{"line":69,"column":20}}]},"15":{"line":72,"type":"keyword","loc":{"start":{"line":72,"column":8},"end":{"line":72,"column":20}},"locations":[{"start":{"line":72,"column":8},"end":{"line":72,"column":20}},{"start":{"line":72,"column":8},"end":{"line":72,"column":20}}]},"16":{"line":74,"type":"keyword","loc":{"start":{"line":74,"column":8},"end":{"line":74,"column":20}},"locations":[{"start":{"line":74,"column":8},"end":{"line":74,"column":20}},{"start":{"line":74,"column":8},"end":{"line":74,"column":20}}]},"17":{"line":76,"type":"keyword","loc":{"start":{"line":76,"column":8},"end":{"line":76,"column":21}},"locations":[{"start":{"line":76,"column":8},"end":{"line":76,"column":21}},{"start":{"line":76,"column":8},"end":{"line":76,"column":21}}]},"18":{"line":78,"type":"keyword","loc":{"start":{"line":78,"column":8},"end":{"line":78,"column":21}},"locations":[{"start":{"line":78,"column":8},"end":{"line":78,"column":21}},{"start":{"line":78,"column":8},"end":{"line":78,"column":21}}]}},"fnMap":{"0":{"name":"https://spec.openapis.org/oas/3.2/meta/WORK-IN-PROGRESS#","decl":{"start":{"line":1,"column":0},"end":{"line":85,"column":32}},"loc":{"start":{"line":1,"column":0},"end":{"line":85,"column":32}},"line":1},"1":{"name":"https://spec.openapis.org/oas/3.2/meta/WORK-IN-PROGRESS#/properties/discriminator","decl":{"start":{"line":17,"column":4},"end":{"line":17,"column":33}},"loc":{"start":{"line":17,"column":4},"end":{"line":17,"column":33}},"line":17},"2":{"name":"https://spec.openapis.org/oas/3.2/meta/WORK-IN-PROGRESS#/$defs/discriminator","decl":{"start":{"line":26,"column":4},"end":{"line":39,"column":32}},"loc":{"start":{"line":26,"column":4},"end":{"line":39,"column":32}},"line":26},"3":{"name":"https://spec.openapis.org/oas/3.2/meta/WORK-IN-PROGRESS#/$defs/extensible","decl":{"start":{"line":42,"column":4},"end":{"line":43,"column":15}},"loc":{"start":{"line":42,"column":4},"end":{"line":43,"column":15}},"line":42},"4":{"name":"https://spec.openapis.org/oas/3.2/meta/WORK-IN-PROGRESS#/$defs/extensible/patternProperties/%5Ex-","decl":{"start":{"line":43,"column":11},"end":{"line":43,"column":15}},"loc":{"start":{"line":43,"column":11},"end":{"line":43,"column":15}},"line":43},"5":{"name":"https://spec.openapis.org/oas/3.2/meta/WORK-IN-PROGRESS#/$defs/discriminator/properties/mapping","decl":{"start":{"line":29,"column":8},"end":{"line":31,"column":20}},"loc":{"start":{"line":29,"column":8},"end":{"line":31,"column":20}},"line":29},"6":{"name":"https://spec.openapis.org/oas/3.2/meta/WORK-IN-PROGRESS#/$defs/discriminator/properties/mapping/additionalProperties","decl":{"start":{"line":30,"column":10},"end":{"line":30,"column":22}},"loc":{"start":{"line":30,"column":10},"end":{"line":30,"column":22}},"line":30},"7":{"name":"https://spec.openapis.org/oas/3.2/meta/WORK-IN-PROGRESS#/$defs/discriminator/properties/defaultMapping","decl":{"start":{"line":33,"column":8},"end":{"line":33,"column":20}},"loc":{"start":{"line":33,"column":8},"end":{"line":33,"column":20}},"line":33},"8":{"name":"https://spec.openapis.org/oas/3.2/meta/WORK-IN-PROGRESS#/$defs/discriminator/properties/propertyName","decl":{"start":{"line":35,"column":8},"end":{"line":35,"column":20}},"loc":{"start":{"line":35,"column":8},"end":{"line":35,"column":20}},"line":35},"9":{"name":"https://spec.openapis.org/oas/3.2/meta/WORK-IN-PROGRESS#/$defs/discriminator/unevaluatedProperties","decl":{"start":{"line":39,"column":27},"end":{"line":39,"column":32}},"loc":{"start":{"line":39,"column":27},"end":{"line":39,"column":32}},"line":39},"10":{"name":"https://spec.openapis.org/oas/3.2/meta/WORK-IN-PROGRESS#/properties/example","decl":{"start":{"line":18,"column":11},"end":{"line":18,"column":15}},"loc":{"start":{"line":18,"column":11},"end":{"line":18,"column":15}},"line":18},"11":{"name":"https://spec.openapis.org/oas/3.2/meta/WORK-IN-PROGRESS#/properties/externalDocs","decl":{"start":{"line":20,"column":4},"end":{"line":20,"column":33}},"loc":{"start":{"line":20,"column":4},"end":{"line":20,"column":33}},"line":20},"12":{"name":"https://spec.openapis.org/oas/3.2/meta/WORK-IN-PROGRESS#/$defs/external-docs","decl":{"start":{"line":45,"column":4},"end":{"line":55,"column":32}},"loc":{"start":{"line":45,"column":4},"end":{"line":55,"column":32}},"line":45},"13":{"name":"https://spec.openapis.org/oas/3.2/meta/WORK-IN-PROGRESS#/$defs/external-docs/properties/description","decl":{"start":{"line":48,"column":8},"end":{"line":48,"column":20}},"loc":{"start":{"line":48,"column":8},"end":{"line":48,"column":20}},"line":48},"14":{"name":"https://spec.openapis.org/oas/3.2/meta/WORK-IN-PROGRESS#/$defs/external-docs/properties/url","decl":{"start":{"line":50,"column":8},"end":{"line":51,"column":20}},"loc":{"start":{"line":50,"column":8},"end":{"line":51,"column":20}},"line":50},"15":{"name":"https://spec.openapis.org/oas/3.2/meta/WORK-IN-PROGRESS#/$defs/external-docs/unevaluatedProperties","decl":{"start":{"line":55,"column":27},"end":{"line":55,"column":32}},"loc":{"start":{"line":55,"column":27},"end":{"line":55,"column":32}},"line":55},"16":{"name":"https://spec.openapis.org/oas/3.2/meta/WORK-IN-PROGRESS#/properties/xml","decl":{"start":{"line":22,"column":4},"end":{"line":22,"column":23}},"loc":{"start":{"line":22,"column":4},"end":{"line":22,"column":23}},"line":22},"17":{"name":"https://spec.openapis.org/oas/3.2/meta/WORK-IN-PROGRESS#/$defs/xml","decl":{"start":{"line":58,"column":4},"end":{"line":85,"column":32}},"loc":{"start":{"line":58,"column":4},"end":{"line":85,"column":32}},"line":58},"18":{"name":"https://spec.openapis.org/oas/3.2/meta/WORK-IN-PROGRESS#/$defs/xml/properties/nodeType","decl":{"start":{"line":61,"column":8},"end":{"line":67,"column":16}},"loc":{"start":{"line":61,"column":8},"end":{"line":67,"column":16}},"line":61},"19":{"name":"https://spec.openapis.org/oas/3.2/meta/WORK-IN-PROGRESS#/$defs/xml/properties/name","decl":{"start":{"line":69,"column":8},"end":{"line":69,"column":20}},"loc":{"start":{"line":69,"column":8},"end":{"line":69,"column":20}},"line":69},"20":{"name":"https://spec.openapis.org/oas/3.2/meta/WORK-IN-PROGRESS#/$defs/xml/properties/namespace","decl":{"start":{"line":71,"column":8},"end":{"line":72,"column":20}},"loc":{"start":{"line":71,"column":8},"end":{"line":72,"column":20}},"line":71},"21":{"name":"https://spec.openapis.org/oas/3.2/meta/WORK-IN-PROGRESS#/$defs/xml/properties/prefix","decl":{"start":{"line":74,"column":8},"end":{"line":74,"column":20}},"loc":{"start":{"line":74,"column":8},"end":{"line":74,"column":20}},"line":74},"22":{"name":"https://spec.openapis.org/oas/3.2/meta/WORK-IN-PROGRESS#/$defs/xml/properties/attribute","decl":{"start":{"line":76,"column":8},"end":{"line":76,"column":21}},"loc":{"start":{"line":76,"column":8},"end":{"line":76,"column":21}},"line":76},"23":{"name":"https://spec.openapis.org/oas/3.2/meta/WORK-IN-PROGRESS#/$defs/xml/properties/wrapped","decl":{"start":{"line":78,"column":8},"end":{"line":78,"column":21}},"loc":{"start":{"line":78,"column":8},"end":{"line":78,"column":21}},"line":78},"24":{"name":"https://spec.openapis.org/oas/3.2/meta/WORK-IN-PROGRESS#/$defs/xml/dependentSchemas/nodeType","decl":{"start":{"line":82,"column":8},"end":{"line":84,"column":24}},"loc":{"start":{"line":82,"column":8},"end":{"line":84,"column":24}},"line":82},"25":{"name":"https://spec.openapis.org/oas/3.2/meta/WORK-IN-PROGRESS#/$defs/xml/dependentSchemas/nodeType/properties/attribute","decl":{"start":{"line":83,"column":21},"end":{"line":83,"column":26}},"loc":{"start":{"line":83,"column":21},"end":{"line":83,"column":26}},"line":83},"26":{"name":"https://spec.openapis.org/oas/3.2/meta/WORK-IN-PROGRESS#/$defs/xml/dependentSchemas/nodeType/properties/wrapped","decl":{"start":{"line":84,"column":19},"end":{"line":84,"column":24}},"loc":{"start":{"line":84,"column":19},"end":{"line":84,"column":24}},"line":84},"27":{"name":"https://spec.openapis.org/oas/3.2/meta/WORK-IN-PROGRESS#/$defs/xml/unevaluatedProperties","decl":{"start":{"line":85,"column":27},"end":{"line":85,"column":32}},"loc":{"start":{"line":85,"column":27},"end":{"line":85,"column":32}},"line":85}},"s":{"0":2334,"1":2334,"2":2334,"3":2334,"4":19,"5":19,"6":19,"7":19,"8":19,"9":19,"10":201,"11":19,"12":19,"13":19,"14":19,"15":19,"16":19,"17":19,"18":19,"19":19,"20":19,"21":19,"22":19,"23":19,"24":19,"25":163,"26":163,"27":163,"28":163,"29":163,"30":163,"31":103,"32":103,"33":20,"34":20,"35":20,"36":20,"37":22,"38":21,"39":103},"b":{"0":[18,2316],"1":[0,19],"2":[0,19],"3":[0,19],"4":[0,19],"5":[0,19],"6":[0,19],"7":[0,19],"8":[0,19],"9":[0,19],"10":[0,19],"11":[0,163],"12":[0,103],"13":[0,103],"14":[0,20],"15":[0,20],"16":[0,20],"17":[0,22],"18":[0,21]},"f":{"0":2334,"1":19,"2":19,"3":201,"4":19,"5":19,"6":19,"7":19,"8":19,"9":0,"10":11,"11":19,"12":19,"13":19,"14":19,"15":0,"16":163,"17":163,"18":103,"19":20,"20":20,"21":20,"22":22,"23":21,"24":103,"25":2,"26":1,"27":6}}
,"/Users/handrews/src/OpenAPI-Specification/src/schemas/validation/schema-base.yaml": {"path":"/Users/handrews/src/OpenAPI-Specification/src/schemas/validation/schema-base.yaml","statementMap":{"0":{"start":{"line":4,"column":0},"end":{"line":4,"column":94}},"1":{"start":{"line":6,"column":0},"end":{"line":6,"column":65}},"2":{"start":{"line":7,"column":0},"end":{"line":9,"column":27}},"3":{"start":{"line":9,"column":4},"end":{"line":9,"column":27}},"4":{"start":{"line":13,"column":4},"end":{"line":13,"column":71}},"5":{"start":{"line":17,"column":4},"end":{"line":17,"column":70}},"6":{"start":{"line":18,"column":4},"end":{"line":20,"column":31}},"7":{"start":{"line":20,"column":8},"end":{"line":20,"column":31}}},"branchMap":{"0":{"line":13,"type":"keyword","loc":{"start":{"line":13,"column":4},"end":{"line":13,"column":71}},"locations":[{"start":{"line":13,"column":4},"end":{"line":13,"column":71}},{"start":{"line":13,"column":4},"end":{"line":13,"column":71}}]}},"fnMap":{"0":{"name":"https://spec.openapis.org/oas/3.2/schema-base/WORK-IN-PROGRESS#","decl":{"start":{"line":1,"column":0},"end":{"line":20,"column":31}},"loc":{"start":{"line":1,"column":0},"end":{"line":20,"column":31}},"line":1},"1":{"name":"https://spec.openapis.org/oas/3.2/schema-base/WORK-IN-PROGRESS#/properties/jsonSchemaDialect","decl":{"start":{"line":9,"column":4},"end":{"line":9,"column":27}},"loc":{"start":{"line":9,"column":4},"end":{"line":9,"column":27}},"line":9},"2":{"name":"https://spec.openapis.org/oas/3.2/schema-base/WORK-IN-PROGRESS#/$defs/dialect","decl":{"start":{"line":13,"column":4},"end":{"line":13,"column":71}},"loc":{"start":{"line":13,"column":4},"end":{"line":13,"column":71}},"line":13},"3":{"name":"https://spec.openapis.org/oas/3.2/schema-base/WORK-IN-PROGRESS#/$defs/schema","decl":{"start":{"line":16,"column":4},"end":{"line":20,"column":31}},"loc":{"start":{"line":16,"column":4},"end":{"line":20,"column":31}},"line":16},"4":{"name":"https://spec.openapis.org/oas/3.2/schema-base/WORK-IN-PROGRESS#/$defs/schema/properties/$schema","decl":{"start":{"line":20,"column":8},"end":{"line":20,"column":31}},"loc":{"start":{"line":20,"column":8},"end":{"line":20,"column":31}},"line":20}},"s":{"0":1378,"1":1378,"2":1378,"3":45,"4":90,"5":4971,"6":4971,"7":45},"b":{"0":[0,90]},"f":{"0":1378,"1":45,"2":90,"3":4971,"4":45}}
,"/Users/handrews/src/OpenAPI-Specification/src/schemas/validation/schema.yaml": {"path":"/Users/handrews/src/OpenAPI-Specification/src/schemas/validation/schema.yaml","statementMap":{"0":{"start":{"line":4,"column":0},"end":{"line":4,"column":89}},"1":{"start":{"line":6,"column":0},"end":{"line":6,"column":12}},"2":{"start":{"line":7,"column":0},"end":{"line":45,"column":42}},"3":{"start":{"line":46,"column":0},"end":{"line":48,"column":8}},"4":{"start":{"line":49,"column":0},"end":{"line":55,"column":14}},"5":{"start":{"line":56,"column":0},"end":{"line":56,"column":40}},"6":{"start":{"line":57,"column":0},"end":{"line":57,"column":28}},"7":{"start":{"line":9,"column":4},"end":{"line":9,"column":16}},"8":{"start":{"line":10,"column":4},"end":{"line":10,"column":32}},"9":{"start":{"line":12,"column":4},"end":{"line":12,"column":16}},"10":{"start":{"line":13,"column":4},"end":{"line":13,"column":25}},"11":{"start":{"line":15,"column":4},"end":{"line":15,"column":22}},"12":{"start":{"line":17,"column":4},"end":{"line":17,"column":24}},"13":{"start":{"line":62,"column":4},"end":{"line":62,"column":16}},"14":{"start":{"line":63,"column":4},"end":{"line":78,"column":20}},"15":{"start":{"line":79,"column":4},"end":{"line":81,"column":15}},"16":{"start":{"line":82,"column":4},"end":{"line":82,"column":44}},"17":{"start":{"line":83,"column":4},"end":{"line":83,"column":32}},"18":{"start":{"line":65,"column":8},"end":{"line":65,"column":20}},"19":{"start":{"line":67,"column":8},"end":{"line":67,"column":20}},"20":{"start":{"line":69,"column":8},"end":{"line":69,"column":20}},"21":{"start":{"line":71,"column":8},"end":{"line":71,"column":20}},"22":{"start":{"line":72,"column":8},"end":{"line":72,"column":29}},"23":{"start":{"line":74,"column":8},"end":{"line":74,"column":31}},"24":{"start":{"line":87,"column":4},"end":{"line":87,"column":16}},"25":{"start":{"line":88,"column":4},"end":{"line":96,"column":21}},"26":{"start":{"line":97,"column":4},"end":{"line":97,"column":44}},"27":{"start":{"line":98,"column":4},"end":{"line":98,"column":32}},"28":{"start":{"line":90,"column":8},"end":{"line":90,"column":20}},"29":{"start":{"line":92,"column":8},"end":{"line":92,"column":20}},"30":{"start":{"line":93,"column":8},"end":{"line":93,"column":29}},"31":{"start":{"line":95,"column":8},"end":{"line":95,"column":20}},"32":{"start":{"line":96,"column":8},"end":{"line":96,"column":21}},"33":{"start":{"line":1082,"column":4},"end":{"line":1083,"column":17}},"34":{"start":{"line":76,"column":8},"end":{"line":76,"column":31}},"35":{"start":{"line":102,"column":4},"end":{"line":102,"column":16}},"36":{"start":{"line":103,"column":4},"end":{"line":110,"column":29}},"37":{"start":{"line":111,"column":4},"end":{"line":112,"column":12}},"38":{"start":{"line":113,"column":4},"end":{"line":117,"column":17}},"39":{"start":{"line":118,"column":4},"end":{"line":118,"column":44}},"40":{"start":{"line":119,"column":4},"end":{"line":119,"column":32}},"41":{"start":{"line":105,"column":8},"end":{"line":105,"column":20}},"42":{"start":{"line":107,"column":8},"end":{"line":107,"column":20}},"43":{"start":{"line":109,"column":8},"end":{"line":109,"column":20}},"44":{"start":{"line":110,"column":8},"end":{"line":110,"column":29}},"45":{"start":{"line":115,"column":8},"end":{"line":117,"column":17}},"46":{"start":{"line":116,"column":10},"end":{"line":117,"column":17}},"47":{"start":{"line":78,"column":8},"end":{"line":78,"column":20}},"48":{"start":{"line":19,"column":4},"end":{"line":19,"column":16}},"49":{"start":{"line":20,"column":4},"end":{"line":20,"column":25}},"50":{"start":{"line":21,"column":4},"end":{"line":21,"column":73}},"51":{"start":{"line":23,"column":4},"end":{"line":23,"column":15}},"52":{"start":{"line":24,"column":4},"end":{"line":25,"column":28}},"53":{"start":{"line":26,"column":4},"end":{"line":27,"column":14}},"54":{"start":{"line":25,"column":6},"end":{"line":25,"column":28}},"55":{"start":{"line":123,"column":4},"end":{"line":123,"column":16}},"56":{"start":{"line":124,"column":4},"end":{"line":134,"column":41}},"57":{"start":{"line":135,"column":4},"end":{"line":136,"column":11}},"58":{"start":{"line":137,"column":4},"end":{"line":137,"column":44}},"59":{"start":{"line":138,"column":4},"end":{"line":138,"column":32}},"60":{"start":{"line":126,"column":8},"end":{"line":126,"column":20}},"61":{"start":{"line":128,"column":8},"end":{"line":128,"column":20}},"62":{"start":{"line":130,"column":8},"end":{"line":130,"column":20}},"63":{"start":{"line":132,"column":8},"end":{"line":132,"column":20}},"64":{"start":{"line":133,"column":8},"end":{"line":134,"column":41}},"65":{"start":{"line":134,"column":10},"end":{"line":134,"column":41}},"66":{"start":{"line":142,"column":4},"end":{"line":142,"column":16}},"67":{"start":{"line":143,"column":4},"end":{"line":152,"column":20}},"68":{"start":{"line":153,"column":4},"end":{"line":154,"column":15}},"69":{"start":{"line":155,"column":4},"end":{"line":155,"column":44}},"70":{"start":{"line":156,"column":4},"end":{"line":156,"column":32}},"71":{"start":{"line":145,"column":8},"end":{"line":145,"column":19}},"72":{"start":{"line":146,"column":8},"end":{"line":147,"column":22}},"73":{"start":{"line":148,"column":8},"end":{"line":148,"column":19}},"74":{"start":{"line":147,"column":10},"end":{"line":147,"column":22}},"75":{"start":{"line":150,"column":8},"end":{"line":150,"column":20}},"76":{"start":{"line":152,"column":8},"end":{"line":152,"column":20}},"77":{"start":{"line":29,"column":4},"end":{"line":29,"column":25}},"78":{"start":{"line":216,"column":4},"end":{"line":216,"column":16}},"79":{"start":{"line":217,"column":4},"end":{"line":219,"column":33}},"80":{"start":{"line":220,"column":4},"end":{"line":220,"column":44}},"81":{"start":{"line":221,"column":4},"end":{"line":221,"column":32}},"82":{"start":{"line":219,"column":8},"end":{"line":219,"column":33}},"83":{"start":{"line":225,"column":4},"end":{"line":225,"column":16}},"84":{"start":{"line":226,"column":4},"end":{"line":277,"column":33}},"85":{"start":{"line":278,"column":4},"end":{"line":278,"column":44}},"86":{"start":{"line":279,"column":4},"end":{"line":279,"column":32}},"87":{"start":{"line":228,"column":8},"end":{"line":228,"column":20}},"88":{"start":{"line":229,"column":8},"end":{"line":229,"column":29}},"89":{"start":{"line":231,"column":8},"end":{"line":231,"column":20}},"90":{"start":{"line":233,"column":8},"end":{"line":233,"column":20}},"91":{"start":{"line":235,"column":8},"end":{"line":235,"column":19}},"92":{"start":{"line":236,"column":8},"end":{"line":237,"column":32}},"93":{"start":{"line":237,"column":10},"end":{"line":237,"column":32}},"94":{"start":{"line":239,"column":8},"end":{"line":239,"column":19}},"95":{"start":{"line":240,"column":8},"end":{"line":241,"column":48}},"96":{"start":{"line":241,"column":10},"end":{"line":241,"column":48}},"97":{"start":{"line":479,"column":4},"end":{"line":482,"column":14}},"98":{"start":{"line":483,"column":4},"end":{"line":484,"column":31}},"99":{"start":{"line":485,"column":4},"end":{"line":486,"column":31}},"100":{"start":{"line":480,"column":6},"end":{"line":480,"column":18}},"101":{"start":{"line":481,"column":6},"end":{"line":482,"column":14}},"102":{"start":{"line":484,"column":6},"end":{"line":484,"column":31}},"103":{"start":{"line":825,"column":4},"end":{"line":825,"column":16}},"104":{"start":{"line":826,"column":4},"end":{"line":833,"column":20}},"105":{"start":{"line":828,"column":8},"end":{"line":828,"column":20}},"106":{"start":{"line":829,"column":8},"end":{"line":829,"column":29}},"107":{"start":{"line":831,"column":8},"end":{"line":831,"column":20}},"108":{"start":{"line":833,"column":8},"end":{"line":833,"column":20}},"109":{"start":{"line":486,"column":6},"end":{"line":486,"column":31}},"110":{"start":{"line":339,"column":4},"end":{"line":339,"column":16}},"111":{"start":{"line":340,"column":4},"end":{"line":363,"column":24}},"112":{"start":{"line":364,"column":4},"end":{"line":366,"column":10}},"113":{"start":{"line":367,"column":4},"end":{"line":371,"column":17}},"114":{"start":{"line":372,"column":4},"end":{"line":394,"column":21}},"115":{"start":{"line":395,"column":4},"end":{"line":474,"column":29}},"116":{"start":{"line":476,"column":4},"end":{"line":476,"column":32}},"117":{"start":{"line":342,"column":8},"end":{"line":342,"column":20}},"118":{"start":{"line":344,"column":8},"end":{"line":349,"column":18}},"119":{"start":{"line":351,"column":8},"end":{"line":351,"column":20}},"120":{"start":{"line":353,"column":8},"end":{"line":353,"column":22}},"121":{"start":{"line":354,"column":8},"end":{"line":354,"column":21}},"122":{"start":{"line":356,"column":8},"end":{"line":356,"column":22}},"123":{"start":{"line":357,"column":8},"end":{"line":357,"column":21}},"124":{"start":{"line":359,"column":8},"end":{"line":359,"column":28}},"125":{"start":{"line":838,"column":4},"end":{"line":840,"column":15}},"126":{"start":{"line":361,"column":8},"end":{"line":361,"column":31}},"127":{"start":{"line":362,"column":8},"end":{"line":362,"column":24}},"128":{"start":{"line":363,"column":8},"end":{"line":363,"column":24}},"129":{"start":{"line":516,"column":4},"end":{"line":516,"column":16}},"130":{"start":{"line":517,"column":4},"end":{"line":518,"column":45}},"131":{"start":{"line":519,"column":4},"end":{"line":520,"column":25}},"132":{"start":{"line":518,"column":6},"end":{"line":518,"column":45}},"133":{"start":{"line":553,"column":4},"end":{"line":556,"column":14}},"134":{"start":{"line":557,"column":4},"end":{"line":558,"column":31}},"135":{"start":{"line":559,"column":4},"end":{"line":560,"column":32}},"136":{"start":{"line":554,"column":6},"end":{"line":554,"column":18}},"137":{"start":{"line":555,"column":6},"end":{"line":556,"column":14}},"138":{"start":{"line":558,"column":6},"end":{"line":558,"column":31}},"139":{"start":{"line":560,"column":6},"end":{"line":560,"column":32}},"140":{"start":{"line":524,"column":4},"end":{"line":524,"column":16}},"141":{"start":{"line":525,"column":4},"end":{"line":541,"column":32}},"142":{"start":{"line":542,"column":4},"end":{"line":549,"column":33}},"143":{"start":{"line":550,"column":4},"end":{"line":550,"column":32}},"144":{"start":{"line":527,"column":8},"end":{"line":527,"column":20}},"145":{"start":{"line":529,"column":8},"end":{"line":529,"column":28}},"146":{"start":{"line":531,"column":8},"end":{"line":531,"column":28}},"147":{"start":{"line":533,"column":8},"end":{"line":533,"column":20}},"148":{"start":{"line":534,"column":8},"end":{"line":535,"column":34}},"149":{"start":{"line":535,"column":10},"end":{"line":535,"column":34}},"150":{"start":{"line":564,"column":4},"end":{"line":564,"column":16}},"151":{"start":{"line":565,"column":4},"end":{"line":594,"column":32}},"152":{"start":{"line":595,"column":4},"end":{"line":602,"column":33}},"153":{"start":{"line":603,"column":4},"end":{"line":603,"column":32}},"154":{"start":{"line":567,"column":8},"end":{"line":567,"column":20}},"155":{"start":{"line":568,"column":8},"end":{"line":568,"column":27}},"156":{"start":{"line":570,"column":8},"end":{"line":570,"column":20}},"157":{"start":{"line":571,"column":8},"end":{"line":572,"column":45}},"158":{"start":{"line":572,"column":10},"end":{"line":572,"column":45}},"159":{"start":{"line":793,"column":4},"end":{"line":796,"column":14}},"160":{"start":{"line":797,"column":4},"end":{"line":798,"column":31}},"161":{"start":{"line":799,"column":4},"end":{"line":800,"column":28}},"162":{"start":{"line":794,"column":6},"end":{"line":794,"column":18}},"163":{"start":{"line":795,"column":6},"end":{"line":796,"column":14}},"164":{"start":{"line":798,"column":6},"end":{"line":798,"column":31}},"165":{"start":{"line":800,"column":6},"end":{"line":800,"column":28}},"166":{"start":{"line":753,"column":4},"end":{"line":753,"column":16}},"167":{"start":{"line":754,"column":4},"end":{"line":768,"column":24}},"168":{"start":{"line":769,"column":4},"end":{"line":773,"column":17}},"169":{"start":{"line":774,"column":4},"end":{"line":786,"column":32}},"170":{"start":{"line":787,"column":4},"end":{"line":789,"column":46}},"171":{"start":{"line":790,"column":4},"end":{"line":790,"column":32}},"172":{"start":{"line":756,"column":8},"end":{"line":756,"column":20}},"173":{"start":{"line":758,"column":8},"end":{"line":758,"column":22}},"174":{"start":{"line":759,"column":8},"end":{"line":759,"column":21}},"175":{"start":{"line":761,"column":8},"end":{"line":761,"column":22}},"176":{"start":{"line":762,"column":8},"end":{"line":762,"column":21}},"177":{"start":{"line":764,"column":8},"end":{"line":764,"column":28}},"178":{"start":{"line":766,"column":8},"end":{"line":766,"column":31}},"179":{"start":{"line":767,"column":8},"end":{"line":767,"column":24}},"180":{"start":{"line":768,"column":8},"end":{"line":768,"column":24}},"181":{"start":{"line":770,"column":8},"end":{"line":771,"column":16}},"182":{"start":{"line":772,"column":8},"end":{"line":773,"column":17}},"183":{"start":{"line":776,"column":8},"end":{"line":785,"column":25}},"184":{"start":{"line":786,"column":8},"end":{"line":786,"column":32}},"185":{"start":{"line":778,"column":12},"end":{"line":778,"column":27}},"186":{"start":{"line":779,"column":12},"end":{"line":779,"column":25}},"187":{"start":{"line":781,"column":12},"end":{"line":781,"column":26}},"188":{"start":{"line":782,"column":12},"end":{"line":782,"column":25}},"189":{"start":{"line":784,"column":12},"end":{"line":784,"column":26}},"190":{"start":{"line":785,"column":12},"end":{"line":785,"column":25}},"191":{"start":{"line":1086,"column":4},"end":{"line":1091,"column":46}},"192":{"start":{"line":1092,"column":4},"end":{"line":1095,"column":18}},"193":{"start":{"line":1089,"column":8},"end":{"line":1089,"column":20}},"194":{"start":{"line":1090,"column":8},"end":{"line":1091,"column":46}},"195":{"start":{"line":1091,"column":10},"end":{"line":1091,"column":46}},"196":{"start":{"line":708,"column":4},"end":{"line":711,"column":14}},"197":{"start":{"line":712,"column":4},"end":{"line":713,"column":31}},"198":{"start":{"line":714,"column":4},"end":{"line":715,"column":29}},"199":{"start":{"line":709,"column":6},"end":{"line":709,"column":18}},"200":{"start":{"line":710,"column":6},"end":{"line":711,"column":14}},"201":{"start":{"line":713,"column":6},"end":{"line":713,"column":31}},"202":{"start":{"line":715,"column":6},"end":{"line":715,"column":29}},"203":{"start":{"line":674,"column":4},"end":{"line":674,"column":16}},"204":{"start":{"line":675,"column":4},"end":{"line":686,"column":29}},"205":{"start":{"line":687,"column":4},"end":{"line":703,"column":23}},"206":{"start":{"line":704,"column":4},"end":{"line":704,"column":44}},"207":{"start":{"line":705,"column":4},"end":{"line":705,"column":32}},"208":{"start":{"line":677,"column":8},"end":{"line":677,"column":20}},"209":{"start":{"line":679,"column":8},"end":{"line":679,"column":20}},"210":{"start":{"line":682,"column":8},"end":{"line":682,"column":20}},"211":{"start":{"line":685,"column":8},"end":{"line":685,"column":20}},"212":{"start":{"line":686,"column":8},"end":{"line":686,"column":29}},"213":{"start":{"line":688,"column":6},"end":{"line":691,"column":23}},"214":{"start":{"line":689,"column":8},"end":{"line":691,"column":23}},"215":{"start":{"line":692,"column":6},"end":{"line":695,"column":19}},"216":{"start":{"line":693,"column":8},"end":{"line":695,"column":19}},"217":{"start":{"line":696,"column":6},"end":{"line":699,"column":25}},"218":{"start":{"line":697,"column":8},"end":{"line":699,"column":25}},"219":{"start":{"line":700,"column":6},"end":{"line":703,"column":23}},"220":{"start":{"line":701,"column":8},"end":{"line":703,"column":23}},"221":{"start":{"line":1093,"column":6},"end":{"line":1095,"column":18}},"222":{"start":{"line":788,"column":6},"end":{"line":788,"column":30}},"223":{"start":{"line":789,"column":6},"end":{"line":789,"column":46}},"224":{"start":{"line":574,"column":8},"end":{"line":574,"column":21}},"225":{"start":{"line":575,"column":8},"end":{"line":579,"column":22}},"226":{"start":{"line":581,"column":8},"end":{"line":581,"column":21}},"227":{"start":{"line":583,"column":8},"end":{"line":583,"column":22}},"228":{"start":{"line":584,"column":8},"end":{"line":584,"column":21}},"229":{"start":{"line":586,"column":8},"end":{"line":586,"column":20}},"230":{"start":{"line":587,"column":8},"end":{"line":588,"column":34}},"231":{"start":{"line":588,"column":10},"end":{"line":588,"column":34}},"232":{"start":{"line":590,"column":8},"end":{"line":590,"column":19}},"233":{"start":{"line":591,"column":8},"end":{"line":592,"column":34}},"234":{"start":{"line":592,"column":10},"end":{"line":592,"column":34}},"235":{"start":{"line":594,"column":8},"end":{"line":594,"column":32}},"236":{"start":{"line":596,"column":8},"end":{"line":596,"column":48}},"237":{"start":{"line":597,"column":8},"end":{"line":597,"column":39}},"238":{"start":{"line":1103,"column":4},"end":{"line":1108,"column":15}},"239":{"start":{"line":1109,"column":4},"end":{"line":1112,"column":23}},"240":{"start":{"line":1113,"column":4},"end":{"line":1116,"column":24}},"241":{"start":{"line":1104,"column":6},"end":{"line":1106,"column":21}},"242":{"start":{"line":1107,"column":6},"end":{"line":1108,"column":15}},"243":{"start":{"line":1106,"column":10},"end":{"line":1106,"column":21}},"244":{"start":{"line":1110,"column":6},"end":{"line":1112,"column":23}},"245":{"start":{"line":1112,"column":10},"end":{"line":1112,"column":23}},"246":{"start":{"line":1114,"column":6},"end":{"line":1116,"column":24}},"247":{"start":{"line":1116,"column":10},"end":{"line":1116,"column":24}},"248":{"start":{"line":598,"column":8},"end":{"line":602,"column":33}},"249":{"start":{"line":600,"column":12},"end":{"line":602,"column":33}},"250":{"start":{"line":537,"column":8},"end":{"line":537,"column":19}},"251":{"start":{"line":538,"column":8},"end":{"line":539,"column":34}},"252":{"start":{"line":539,"column":10},"end":{"line":539,"column":34}},"253":{"start":{"line":541,"column":8},"end":{"line":541,"column":32}},"254":{"start":{"line":543,"column":8},"end":{"line":543,"column":32}},"255":{"start":{"line":544,"column":8},"end":{"line":544,"column":48}},"256":{"start":{"line":545,"column":8},"end":{"line":549,"column":33}},"257":{"start":{"line":547,"column":12},"end":{"line":549,"column":33}},"258":{"start":{"line":520,"column":6},"end":{"line":520,"column":25}},"259":{"start":{"line":368,"column":8},"end":{"line":369,"column":16}},"260":{"start":{"line":370,"column":8},"end":{"line":371,"column":17}},"261":{"start":{"line":373,"column":8},"end":{"line":373,"column":32}},"262":{"start":{"line":374,"column":8},"end":{"line":374,"column":48}},"263":{"start":{"line":375,"column":8},"end":{"line":380,"column":16}},"264":{"start":{"line":381,"column":8},"end":{"line":385,"column":27}},"265":{"start":{"line":376,"column":10},"end":{"line":378,"column":26}},"266":{"start":{"line":379,"column":10},"end":{"line":380,"column":16}},"267":{"start":{"line":378,"column":14},"end":{"line":378,"column":26}},"268":{"start":{"line":382,"column":10},"end":{"line":385,"column":27}},"269":{"start":{"line":384,"column":14},"end":{"line":384,"column":28}},"270":{"start":{"line":385,"column":14},"end":{"line":385,"column":27}},"271":{"start":{"line":386,"column":8},"end":{"line":391,"column":16}},"272":{"start":{"line":392,"column":8},"end":{"line":394,"column":21}},"273":{"start":{"line":387,"column":10},"end":{"line":389,"column":32}},"274":{"start":{"line":390,"column":10},"end":{"line":391,"column":16}},"275":{"start":{"line":389,"column":14},"end":{"line":389,"column":32}},"276":{"start":{"line":393,"column":10},"end":{"line":394,"column":21}},"277":{"start":{"line":397,"column":8},"end":{"line":404,"column":25}},"278":{"start":{"line":405,"column":8},"end":{"line":410,"column":43}},"279":{"start":{"line":399,"column":12},"end":{"line":399,"column":24}},"280":{"start":{"line":401,"column":12},"end":{"line":401,"column":25}},"281":{"start":{"line":403,"column":12},"end":{"line":403,"column":26}},"282":{"start":{"line":404,"column":12},"end":{"line":404,"column":25}},"283":{"start":{"line":406,"column":12},"end":{"line":406,"column":83}},"284":{"start":{"line":414,"column":12},"end":{"line":419,"column":20}},"285":{"start":{"line":420,"column":12},"end":{"line":431,"column":26}},"286":{"start":{"line":415,"column":14},"end":{"line":417,"column":29}},"287":{"start":{"line":418,"column":14},"end":{"line":419,"column":20}},"288":{"start":{"line":417,"column":18},"end":{"line":417,"column":29}},"289":{"start":{"line":421,"column":14},"end":{"line":429,"column":29}},"290":{"start":{"line":430,"column":14},"end":{"line":431,"column":26}},"291":{"start":{"line":423,"column":18},"end":{"line":423,"column":33}},"292":{"start":{"line":424,"column":18},"end":{"line":427,"column":28}},"293":{"start":{"line":429,"column":18},"end":{"line":429,"column":29}},"294":{"start":{"line":407,"column":12},"end":{"line":407,"column":85}},"295":{"start":{"line":434,"column":12},"end":{"line":439,"column":20}},"296":{"start":{"line":440,"column":12},"end":{"line":444,"column":31}},"297":{"start":{"line":435,"column":14},"end":{"line":437,"column":31}},"298":{"start":{"line":438,"column":14},"end":{"line":439,"column":20}},"299":{"start":{"line":437,"column":18},"end":{"line":437,"column":31}},"300":{"start":{"line":441,"column":14},"end":{"line":444,"column":31}},"301":{"start":{"line":443,"column":18},"end":{"line":443,"column":33}},"302":{"start":{"line":444,"column":18},"end":{"line":444,"column":31}},"303":{"start":{"line":408,"column":12},"end":{"line":408,"column":84}},"304":{"start":{"line":447,"column":12},"end":{"line":452,"column":20}},"305":{"start":{"line":453,"column":12},"end":{"line":461,"column":32}},"306":{"start":{"line":448,"column":14},"end":{"line":450,"column":30}},"307":{"start":{"line":451,"column":14},"end":{"line":452,"column":20}},"308":{"start":{"line":450,"column":18},"end":{"line":450,"column":30}},"309":{"start":{"line":454,"column":14},"end":{"line":461,"column":32}},"310":{"start":{"line":456,"column":18},"end":{"line":456,"column":31}},"311":{"start":{"line":457,"column":18},"end":{"line":461,"column":32}},"312":{"start":{"line":409,"column":12},"end":{"line":409,"column":85}},"313":{"start":{"line":464,"column":12},"end":{"line":469,"column":20}},"314":{"start":{"line":470,"column":12},"end":{"line":474,"column":29}},"315":{"start":{"line":465,"column":14},"end":{"line":467,"column":31}},"316":{"start":{"line":468,"column":14},"end":{"line":469,"column":20}},"317":{"start":{"line":467,"column":18},"end":{"line":467,"column":31}},"318":{"start":{"line":471,"column":14},"end":{"line":474,"column":29}},"319":{"start":{"line":473,"column":18},"end":{"line":473,"column":31}},"320":{"start":{"line":474,"column":18},"end":{"line":474,"column":29}},"321":{"start":{"line":410,"column":12},"end":{"line":410,"column":43}},"322":{"start":{"line":243,"column":8},"end":{"line":243,"column":20}},"323":{"start":{"line":244,"column":8},"end":{"line":245,"column":35}},"324":{"start":{"line":246,"column":8},"end":{"line":259,"column":21}},"325":{"start":{"line":245,"column":10},"end":{"line":245,"column":35}},"326":{"start":{"line":283,"column":4},"end":{"line":283,"column":16}},"327":{"start":{"line":284,"column":4},"end":{"line":319,"column":32}},"328":{"start":{"line":320,"column":4},"end":{"line":320,"column":44}},"329":{"start":{"line":321,"column":4},"end":{"line":321,"column":32}},"330":{"start":{"line":286,"column":8},"end":{"line":286,"column":19}},"331":{"start":{"line":287,"column":8},"end":{"line":288,"column":22}},"332":{"start":{"line":288,"column":10},"end":{"line":288,"column":22}},"333":{"start":{"line":290,"column":8},"end":{"line":290,"column":20}},"334":{"start":{"line":292,"column":8},"end":{"line":292,"column":20}},"335":{"start":{"line":294,"column":8},"end":{"line":294,"column":46}},"336":{"start":{"line":325,"column":4},"end":{"line":325,"column":16}},"337":{"start":{"line":326,"column":4},"end":{"line":331,"column":29}},"338":{"start":{"line":332,"column":4},"end":{"line":333,"column":11}},"339":{"start":{"line":334,"column":4},"end":{"line":334,"column":44}},"340":{"start":{"line":335,"column":4},"end":{"line":335,"column":32}},"341":{"start":{"line":328,"column":8},"end":{"line":328,"column":20}},"342":{"start":{"line":330,"column":8},"end":{"line":330,"column":20}},"343":{"start":{"line":331,"column":8},"end":{"line":331,"column":29}},"344":{"start":{"line":296,"column":8},"end":{"line":296,"column":20}},"345":{"start":{"line":298,"column":8},"end":{"line":298,"column":19}},"346":{"start":{"line":299,"column":8},"end":{"line":300,"column":48}},"347":{"start":{"line":300,"column":10},"end":{"line":300,"column":48}},"348":{"start":{"line":302,"column":8},"end":{"line":302,"column":49}},"349":{"start":{"line":505,"column":4},"end":{"line":508,"column":14}},"350":{"start":{"line":509,"column":4},"end":{"line":510,"column":31}},"351":{"start":{"line":511,"column":4},"end":{"line":512,"column":34}},"352":{"start":{"line":506,"column":6},"end":{"line":506,"column":18}},"353":{"start":{"line":507,"column":6},"end":{"line":508,"column":14}},"354":{"start":{"line":510,"column":6},"end":{"line":510,"column":31}},"355":{"start":{"line":512,"column":6},"end":{"line":512,"column":34}},"356":{"start":{"line":490,"column":4},"end":{"line":490,"column":16}},"357":{"start":{"line":491,"column":4},"end":{"line":498,"column":21}},"358":{"start":{"line":499,"column":4},"end":{"line":500,"column":15}},"359":{"start":{"line":501,"column":4},"end":{"line":501,"column":44}},"360":{"start":{"line":502,"column":4},"end":{"line":502,"column":32}},"361":{"start":{"line":493,"column":8},"end":{"line":493,"column":20}},"362":{"start":{"line":495,"column":8},"end":{"line":495,"column":31}},"363":{"start":{"line":497,"column":8},"end":{"line":497,"column":22}},"364":{"start":{"line":498,"column":8},"end":{"line":498,"column":21}},"365":{"start":{"line":304,"column":8},"end":{"line":304,"column":33}},"366":{"start":{"line":607,"column":4},"end":{"line":607,"column":16}},"367":{"start":{"line":608,"column":4},"end":{"line":610,"column":45}},"368":{"start":{"line":611,"column":4},"end":{"line":613,"column":45}},"369":{"start":{"line":614,"column":4},"end":{"line":614,"column":20}},"370":{"start":{"line":615,"column":4},"end":{"line":615,"column":44}},"371":{"start":{"line":616,"column":4},"end":{"line":616,"column":32}},"372":{"start":{"line":617,"column":4},"end":{"line":620,"column":39}},"373":{"start":{"line":621,"column":4},"end":{"line":622,"column":25}},"374":{"start":{"line":610,"column":8},"end":{"line":610,"column":45}},"375":{"start":{"line":646,"column":4},"end":{"line":649,"column":14}},"376":{"start":{"line":650,"column":4},"end":{"line":651,"column":31}},"377":{"start":{"line":652,"column":4},"end":{"line":653,"column":30}},"378":{"start":{"line":647,"column":6},"end":{"line":647,"column":18}},"379":{"start":{"line":648,"column":6},"end":{"line":649,"column":14}},"380":{"start":{"line":651,"column":6},"end":{"line":651,"column":31}},"381":{"start":{"line":653,"column":6},"end":{"line":653,"column":30}},"382":{"start":{"line":626,"column":4},"end":{"line":626,"column":16}},"383":{"start":{"line":627,"column":4},"end":{"line":641,"column":43}},"384":{"start":{"line":642,"column":4},"end":{"line":642,"column":44}},"385":{"start":{"line":643,"column":4},"end":{"line":643,"column":32}},"386":{"start":{"line":629,"column":8},"end":{"line":629,"column":20}},"387":{"start":{"line":631,"column":8},"end":{"line":631,"column":20}},"388":{"start":{"line":633,"column":8},"end":{"line":633,"column":20}},"389":{"start":{"line":634,"column":8},"end":{"line":635,"column":45}},"390":{"start":{"line":635,"column":10},"end":{"line":635,"column":45}},"391":{"start":{"line":637,"column":8},"end":{"line":637,"column":31}},"392":{"start":{"line":639,"column":8},"end":{"line":639,"column":20}},"393":{"start":{"line":640,"column":8},"end":{"line":641,"column":43}},"394":{"start":{"line":641,"column":10},"end":{"line":641,"column":43}},"395":{"start":{"line":742,"column":4},"end":{"line":745,"column":14}},"396":{"start":{"line":746,"column":4},"end":{"line":747,"column":31}},"397":{"start":{"line":748,"column":4},"end":{"line":749,"column":26}},"398":{"start":{"line":743,"column":6},"end":{"line":743,"column":18}},"399":{"start":{"line":744,"column":6},"end":{"line":745,"column":14}},"400":{"start":{"line":747,"column":6},"end":{"line":747,"column":31}},"401":{"start":{"line":749,"column":6},"end":{"line":749,"column":26}},"402":{"start":{"line":719,"column":4},"end":{"line":719,"column":16}},"403":{"start":{"line":720,"column":4},"end":{"line":732,"column":30}},"404":{"start":{"line":733,"column":4},"end":{"line":737,"column":21}},"405":{"start":{"line":738,"column":4},"end":{"line":738,"column":44}},"406":{"start":{"line":739,"column":4},"end":{"line":739,"column":32}},"407":{"start":{"line":722,"column":8},"end":{"line":722,"column":20}},"408":{"start":{"line":723,"column":8},"end":{"line":723,"column":29}},"409":{"start":{"line":725,"column":8},"end":{"line":725,"column":20}},"410":{"start":{"line":727,"column":8},"end":{"line":727,"column":38}},"411":{"start":{"line":1098,"column":4},"end":{"line":1098,"column":16}},"412":{"start":{"line":1099,"column":4},"end":{"line":1100,"column":18}},"413":{"start":{"line":1100,"column":6},"end":{"line":1100,"column":18}},"414":{"start":{"line":730,"column":8},"end":{"line":730,"column":20}},"415":{"start":{"line":732,"column":8},"end":{"line":732,"column":30}},"416":{"start":{"line":734,"column":8},"end":{"line":735,"column":22}},"417":{"start":{"line":736,"column":8},"end":{"line":737,"column":21}},"418":{"start":{"line":613,"column":8},"end":{"line":613,"column":45}},"419":{"start":{"line":619,"column":6},"end":{"line":620,"column":39}},"420":{"start":{"line":622,"column":6},"end":{"line":622,"column":25}},"421":{"start":{"line":306,"column":8},"end":{"line":306,"column":20}},"422":{"start":{"line":307,"column":8},"end":{"line":308,"column":48}},"423":{"start":{"line":308,"column":10},"end":{"line":308,"column":48}},"424":{"start":{"line":663,"column":4},"end":{"line":666,"column":14}},"425":{"start":{"line":667,"column":4},"end":{"line":668,"column":31}},"426":{"start":{"line":669,"column":4},"end":{"line":670,"column":31}},"427":{"start":{"line":664,"column":6},"end":{"line":664,"column":18}},"428":{"start":{"line":665,"column":6},"end":{"line":666,"column":14}},"429":{"start":{"line":668,"column":6},"end":{"line":668,"column":31}},"430":{"start":{"line":670,"column":6},"end":{"line":670,"column":31}},"431":{"start":{"line":657,"column":4},"end":{"line":657,"column":16}},"432":{"start":{"line":658,"column":4},"end":{"line":658,"column":44}},"433":{"start":{"line":659,"column":4},"end":{"line":660,"column":31}},"434":{"start":{"line":660,"column":6},"end":{"line":660,"column":31}},"435":{"start":{"line":310,"column":8},"end":{"line":310,"column":22}},"436":{"start":{"line":311,"column":8},"end":{"line":311,"column":21}},"437":{"start":{"line":313,"column":8},"end":{"line":313,"column":19}},"438":{"start":{"line":314,"column":8},"end":{"line":315,"column":46}},"439":{"start":{"line":315,"column":10},"end":{"line":315,"column":46}},"440":{"start":{"line":1074,"column":4},"end":{"line":1074,"column":16}},"441":{"start":{"line":1075,"column":4},"end":{"line":1078,"column":20}},"442":{"start":{"line":1076,"column":6},"end":{"line":1076,"column":17}},"443":{"start":{"line":1077,"column":6},"end":{"line":1078,"column":20}},"444":{"start":{"line":1078,"column":8},"end":{"line":1078,"column":20}},"445":{"start":{"line":317,"column":8},"end":{"line":317,"column":19}},"446":{"start":{"line":318,"column":8},"end":{"line":319,"column":32}},"447":{"start":{"line":319,"column":10},"end":{"line":319,"column":32}},"448":{"start":{"line":248,"column":10},"end":{"line":248,"column":50}},"449":{"start":{"line":249,"column":10},"end":{"line":259,"column":21}},"450":{"start":{"line":250,"column":12},"end":{"line":259,"column":21}},"451":{"start":{"line":261,"column":8},"end":{"line":261,"column":33}},"452":{"start":{"line":263,"column":8},"end":{"line":263,"column":33}},"453":{"start":{"line":265,"column":8},"end":{"line":265,"column":33}},"454":{"start":{"line":267,"column":8},"end":{"line":267,"column":33}},"455":{"start":{"line":269,"column":8},"end":{"line":269,"column":33}},"456":{"start":{"line":271,"column":8},"end":{"line":271,"column":33}},"457":{"start":{"line":273,"column":8},"end":{"line":273,"column":33}},"458":{"start":{"line":275,"column":8},"end":{"line":275,"column":33}},"459":{"start":{"line":277,"column":8},"end":{"line":277,"column":33}},"460":{"start":{"line":31,"column":4},"end":{"line":31,"column":16}},"461":{"start":{"line":32,"column":4},"end":{"line":33,"column":31}},"462":{"start":{"line":33,"column":6},"end":{"line":33,"column":31}},"463":{"start":{"line":35,"column":4},"end":{"line":35,"column":30}},"464":{"start":{"line":160,"column":4},"end":{"line":160,"column":16}},"465":{"start":{"line":161,"column":4},"end":{"line":205,"column":49}},"466":{"start":{"line":206,"column":4},"end":{"line":210,"column":38}},"467":{"start":{"line":211,"column":4},"end":{"line":211,"column":44}},"468":{"start":{"line":212,"column":4},"end":{"line":212,"column":32}},"469":{"start":{"line":163,"column":8},"end":{"line":163,"column":20}},"470":{"start":{"line":164,"column":8},"end":{"line":165,"column":30}},"471":{"start":{"line":165,"column":10},"end":{"line":165,"column":30}},"472":{"start":{"line":167,"column":8},"end":{"line":167,"column":20}},"473":{"start":{"line":168,"column":8},"end":{"line":169,"column":47}},"474":{"start":{"line":169,"column":10},"end":{"line":169,"column":47}},"475":{"start":{"line":171,"column":8},"end":{"line":171,"column":20}},"476":{"start":{"line":172,"column":8},"end":{"line":173,"column":48}},"477":{"start":{"line":173,"column":10},"end":{"line":173,"column":48}},"478":{"start":{"line":175,"column":8},"end":{"line":175,"column":20}},"479":{"start":{"line":176,"column":8},"end":{"line":177,"column":46}},"480":{"start":{"line":177,"column":10},"end":{"line":177,"column":46}},"481":{"start":{"line":179,"column":8},"end":{"line":179,"column":20}},"482":{"start":{"line":180,"column":8},"end":{"line":181,"column":51}},"483":{"start":{"line":181,"column":10},"end":{"line":181,"column":51}},"484":{"start":{"line":183,"column":8},"end":{"line":183,"column":20}},"485":{"start":{"line":184,"column":8},"end":{"line":185,"column":45}},"486":{"start":{"line":185,"column":10},"end":{"line":185,"column":45}},"487":{"start":{"line":187,"column":8},"end":{"line":187,"column":20}},"488":{"start":{"line":188,"column":8},"end":{"line":189,"column":54}},"489":{"start":{"line":189,"column":10},"end":{"line":189,"column":54}},"490":{"start":{"line":953,"column":4},"end":{"line":956,"column":14}},"491":{"start":{"line":957,"column":4},"end":{"line":958,"column":31}},"492":{"start":{"line":959,"column":4},"end":{"line":960,"column":37}},"493":{"start":{"line":954,"column":6},"end":{"line":954,"column":18}},"494":{"start":{"line":955,"column":6},"end":{"line":956,"column":14}},"495":{"start":{"line":958,"column":6},"end":{"line":958,"column":31}},"496":{"start":{"line":960,"column":6},"end":{"line":960,"column":37}},"497":{"start":{"line":844,"column":4},"end":{"line":844,"column":16}},"498":{"start":{"line":845,"column":4},"end":{"line":857,"column":21}},"499":{"start":{"line":858,"column":4},"end":{"line":859,"column":12}},"500":{"start":{"line":860,"column":4},"end":{"line":866,"column":55}},"501":{"start":{"line":867,"column":4},"end":{"line":867,"column":32}},"502":{"start":{"line":847,"column":8},"end":{"line":852,"column":25}},"503":{"start":{"line":854,"column":8},"end":{"line":854,"column":20}},"504":{"start":{"line":856,"column":8},"end":{"line":856,"column":22}},"505":{"start":{"line":857,"column":8},"end":{"line":857,"column":21}},"506":{"start":{"line":861,"column":8},"end":{"line":861,"column":48}},"507":{"start":{"line":862,"column":8},"end":{"line":862,"column":57}},"508":{"start":{"line":871,"column":8},"end":{"line":876,"column":18}},"509":{"start":{"line":877,"column":8},"end":{"line":888,"column":16}},"510":{"start":{"line":872,"column":10},"end":{"line":874,"column":27}},"511":{"start":{"line":875,"column":10},"end":{"line":876,"column":18}},"512":{"start":{"line":874,"column":14},"end":{"line":874,"column":27}},"513":{"start":{"line":878,"column":10},"end":{"line":885,"column":24}},"514":{"start":{"line":886,"column":10},"end":{"line":888,"column":16}},"515":{"start":{"line":880,"column":14},"end":{"line":880,"column":26}},"516":{"start":{"line":882,"column":14},"end":{"line":885,"column":24}},"517":{"start":{"line":863,"column":8},"end":{"line":863,"column":55}},"518":{"start":{"line":891,"column":8},"end":{"line":896,"column":18}},"519":{"start":{"line":897,"column":8},"end":{"line":902,"column":20}},"520":{"start":{"line":892,"column":10},"end":{"line":894,"column":25}},"521":{"start":{"line":895,"column":10},"end":{"line":896,"column":18}},"522":{"start":{"line":894,"column":14},"end":{"line":894,"column":25}},"523":{"start":{"line":898,"column":10},"end":{"line":900,"column":26}},"524":{"start":{"line":901,"column":10},"end":{"line":902,"column":20}},"525":{"start":{"line":900,"column":14},"end":{"line":900,"column":26}},"526":{"start":{"line":864,"column":8},"end":{"line":864,"column":62}},"527":{"start":{"line":905,"column":8},"end":{"line":914,"column":20}},"528":{"start":{"line":915,"column":8},"end":{"line":918,"column":26}},"529":{"start":{"line":906,"column":10},"end":{"line":911,"column":49}},"530":{"start":{"line":912,"column":10},"end":{"line":914,"column":20}},"531":{"start":{"line":908,"column":14},"end":{"line":908,"column":25}},"532":{"start":{"line":910,"column":14},"end":{"line":910,"column":26}},"533":{"start":{"line":911,"column":14},"end":{"line":911,"column":49}},"534":{"start":{"line":916,"column":10},"end":{"line":918,"column":26}},"535":{"start":{"line":918,"column":14},"end":{"line":918,"column":26}},"536":{"start":{"line":865,"column":8},"end":{"line":865,"column":57}},"537":{"start":{"line":921,"column":8},"end":{"line":926,"column":18}},"538":{"start":{"line":927,"column":8},"end":{"line":935,"column":19}},"539":{"start":{"line":922,"column":10},"end":{"line":924,"column":27}},"540":{"start":{"line":925,"column":10},"end":{"line":926,"column":18}},"541":{"start":{"line":924,"column":14},"end":{"line":924,"column":27}},"542":{"start":{"line":928,"column":10},"end":{"line":933,"column":35}},"543":{"start":{"line":934,"column":10},"end":{"line":935,"column":19}},"544":{"start":{"line":930,"column":14},"end":{"line":930,"column":41}},"545":{"start":{"line":963,"column":4},"end":{"line":963,"column":16}},"546":{"start":{"line":964,"column":4},"end":{"line":974,"column":62}},"547":{"start":{"line":975,"column":4},"end":{"line":975,"column":44}},"548":{"start":{"line":976,"column":4},"end":{"line":976,"column":32}},"549":{"start":{"line":966,"column":8},"end":{"line":966,"column":50}},"550":{"start":{"line":980,"column":8},"end":{"line":980,"column":20}},"551":{"start":{"line":981,"column":8},"end":{"line":989,"column":42}},"552":{"start":{"line":990,"column":8},"end":{"line":992,"column":18}},"553":{"start":{"line":993,"column":8},"end":{"line":993,"column":48}},"554":{"start":{"line":994,"column":8},"end":{"line":994,"column":36}},"555":{"start":{"line":983,"column":12},"end":{"line":983,"column":24}},"556":{"start":{"line":984,"column":12},"end":{"line":984,"column":33}},"557":{"start":{"line":986,"column":12},"end":{"line":986,"column":24}},"558":{"start":{"line":987,"column":12},"end":{"line":987,"column":33}},"559":{"start":{"line":989,"column":12},"end":{"line":989,"column":42}},"560":{"start":{"line":968,"column":8},"end":{"line":968,"column":50}},"561":{"start":{"line":997,"column":8},"end":{"line":997,"column":20}},"562":{"start":{"line":998,"column":8},"end":{"line":1006,"column":42}},"563":{"start":{"line":1007,"column":8},"end":{"line":1009,"column":18}},"564":{"start":{"line":1010,"column":8},"end":{"line":1010,"column":48}},"565":{"start":{"line":1011,"column":8},"end":{"line":1011,"column":36}},"566":{"start":{"line":1000,"column":12},"end":{"line":1000,"column":24}},"567":{"start":{"line":1001,"column":12},"end":{"line":1001,"column":33}},"568":{"start":{"line":1003,"column":12},"end":{"line":1003,"column":24}},"569":{"start":{"line":1004,"column":12},"end":{"line":1004,"column":33}},"570":{"start":{"line":1006,"column":12},"end":{"line":1006,"column":42}},"571":{"start":{"line":970,"column":8},"end":{"line":970,"column":60}},"572":{"start":{"line":1014,"column":8},"end":{"line":1014,"column":20}},"573":{"start":{"line":1015,"column":8},"end":{"line":1023,"column":42}},"574":{"start":{"line":1024,"column":8},"end":{"line":1026,"column":18}},"575":{"start":{"line":1027,"column":8},"end":{"line":1027,"column":48}},"576":{"start":{"line":1028,"column":8},"end":{"line":1028,"column":36}},"577":{"start":{"line":1017,"column":12},"end":{"line":1017,"column":24}},"578":{"start":{"line":1018,"column":12},"end":{"line":1018,"column":33}},"579":{"start":{"line":1020,"column":12},"end":{"line":1020,"column":24}},"580":{"start":{"line":1021,"column":12},"end":{"line":1021,"column":33}},"581":{"start":{"line":1023,"column":12},"end":{"line":1023,"column":42}},"582":{"start":{"line":972,"column":8},"end":{"line":972,"column":60}},"583":{"start":{"line":1031,"column":8},"end":{"line":1031,"column":20}},"584":{"start":{"line":1032,"column":8},"end":{"line":1043,"column":42}},"585":{"start":{"line":1044,"column":8},"end":{"line":1047,"column":18}},"586":{"start":{"line":1048,"column":8},"end":{"line":1048,"column":48}},"587":{"start":{"line":1049,"column":8},"end":{"line":1049,"column":36}},"588":{"start":{"line":1034,"column":12},"end":{"line":1034,"column":24}},"589":{"start":{"line":1035,"column":12},"end":{"line":1035,"column":33}},"590":{"start":{"line":1037,"column":12},"end":{"line":1037,"column":24}},"591":{"start":{"line":1038,"column":12},"end":{"line":1038,"column":33}},"592":{"start":{"line":1040,"column":12},"end":{"line":1040,"column":24}},"593":{"start":{"line":1041,"column":12},"end":{"line":1041,"column":33}},"594":{"start":{"line":1043,"column":12},"end":{"line":1043,"column":42}},"595":{"start":{"line":974,"column":8},"end":{"line":974,"column":62}},"596":{"start":{"line":1052,"column":8},"end":{"line":1052,"column":20}},"597":{"start":{"line":1053,"column":8},"end":{"line":1064,"column":42}},"598":{"start":{"line":1065,"column":8},"end":{"line":1068,"column":18}},"599":{"start":{"line":1069,"column":8},"end":{"line":1069,"column":48}},"600":{"start":{"line":1070,"column":8},"end":{"line":1070,"column":36}},"601":{"start":{"line":1055,"column":12},"end":{"line":1055,"column":24}},"602":{"start":{"line":1056,"column":12},"end":{"line":1056,"column":33}},"603":{"start":{"line":1058,"column":12},"end":{"line":1058,"column":24}},"604":{"start":{"line":1059,"column":12},"end":{"line":1059,"column":33}},"605":{"start":{"line":1061,"column":12},"end":{"line":1061,"column":24}},"606":{"start":{"line":1062,"column":12},"end":{"line":1062,"column":33}},"607":{"start":{"line":1064,"column":12},"end":{"line":1064,"column":42}},"608":{"start":{"line":932,"column":14},"end":{"line":932,"column":26}},"609":{"start":{"line":933,"column":14},"end":{"line":933,"column":35}},"610":{"start":{"line":866,"column":8},"end":{"line":866,"column":55}},"611":{"start":{"line":938,"column":8},"end":{"line":943,"column":18}},"612":{"start":{"line":944,"column":8},"end":{"line":950,"column":30}},"613":{"start":{"line":939,"column":10},"end":{"line":941,"column":34}},"614":{"start":{"line":942,"column":10},"end":{"line":943,"column":18}},"615":{"start":{"line":941,"column":14},"end":{"line":941,"column":34}},"616":{"start":{"line":945,"column":10},"end":{"line":948,"column":35}},"617":{"start":{"line":949,"column":10},"end":{"line":950,"column":30}},"618":{"start":{"line":947,"column":14},"end":{"line":947,"column":26}},"619":{"start":{"line":948,"column":14},"end":{"line":948,"column":35}},"620":{"start":{"line":191,"column":8},"end":{"line":191,"column":20}},"621":{"start":{"line":192,"column":8},"end":{"line":193,"column":43}},"622":{"start":{"line":193,"column":10},"end":{"line":193,"column":43}},"623":{"start":{"line":195,"column":8},"end":{"line":195,"column":20}},"624":{"start":{"line":196,"column":8},"end":{"line":197,"column":48}},"625":{"start":{"line":197,"column":10},"end":{"line":197,"column":48}},"626":{"start":{"line":199,"column":8},"end":{"line":199,"column":20}},"627":{"start":{"line":200,"column":8},"end":{"line":201,"column":35}},"628":{"start":{"line":201,"column":10},"end":{"line":201,"column":35}},"629":{"start":{"line":203,"column":8},"end":{"line":203,"column":20}},"630":{"start":{"line":204,"column":8},"end":{"line":205,"column":49}},"631":{"start":{"line":205,"column":10},"end":{"line":205,"column":49}},"632":{"start":{"line":209,"column":8},"end":{"line":210,"column":38}},"633":{"start":{"line":210,"column":10},"end":{"line":210,"column":38}},"634":{"start":{"line":37,"column":4},"end":{"line":37,"column":15}},"635":{"start":{"line":38,"column":4},"end":{"line":39,"column":42}},"636":{"start":{"line":39,"column":6},"end":{"line":39,"column":42}},"637":{"start":{"line":41,"column":4},"end":{"line":41,"column":15}},"638":{"start":{"line":42,"column":4},"end":{"line":43,"column":25}},"639":{"start":{"line":43,"column":6},"end":{"line":43,"column":25}},"640":{"start":{"line":804,"column":4},"end":{"line":804,"column":16}},"641":{"start":{"line":805,"column":4},"end":{"line":817,"column":20}},"642":{"start":{"line":818,"column":4},"end":{"line":819,"column":12}},"643":{"start":{"line":820,"column":4},"end":{"line":820,"column":44}},"644":{"start":{"line":821,"column":4},"end":{"line":821,"column":32}},"645":{"start":{"line":807,"column":8},"end":{"line":807,"column":20}},"646":{"start":{"line":809,"column":8},"end":{"line":809,"column":20}},"647":{"start":{"line":811,"column":8},"end":{"line":811,"column":20}},"648":{"start":{"line":813,"column":8},"end":{"line":813,"column":46}},"649":{"start":{"line":815,"column":8},"end":{"line":815,"column":20}},"650":{"start":{"line":817,"column":8},"end":{"line":817,"column":20}},"651":{"start":{"line":45,"column":4},"end":{"line":45,"column":42}},"652":{"start":{"line":50,"column":4},"end":{"line":51,"column":11}},"653":{"start":{"line":52,"column":4},"end":{"line":53,"column":16}},"654":{"start":{"line":54,"column":4},"end":{"line":55,"column":14}}},"branchMap":{"0":{"line":6,"type":"keyword","loc":{"start":{"line":6,"column":0},"end":{"line":6,"column":12}},"locations":[{"start":{"line":6,"column":0},"end":{"line":6,"column":12}},{"start":{"line":6,"column":0},"end":{"line":6,"column":12}}]},"1":{"line":46,"type":"keyword","loc":{"start":{"line":46,"column":0},"end":{"line":48,"column":8}},"locations":[{"start":{"line":46,"column":0},"end":{"line":48,"column":8}},{"start":{"line":46,"column":0},"end":{"line":48,"column":8}}]},"2":{"line":49,"type":"keyword","loc":{"start":{"line":49,"column":0},"end":{"line":55,"column":14}},"locations":[{"start":{"line":49,"column":0},"end":{"line":55,"column":14}},{"start":{"line":49,"column":0},"end":{"line":55,"column":14}}]},"3":{"line":9,"type":"keyword","loc":{"start":{"line":9,"column":4},"end":{"line":9,"column":16}},"locations":[{"start":{"line":9,"column":4},"end":{"line":9,"column":16}},{"start":{"line":9,"column":4},"end":{"line":9,"column":16}}]},"4":{"line":10,"type":"keyword","loc":{"start":{"line":10,"column":4},"end":{"line":10,"column":32}},"locations":[{"start":{"line":10,"column":4},"end":{"line":10,"column":32}},{"start":{"line":10,"column":4},"end":{"line":10,"column":32}}]},"5":{"line":12,"type":"keyword","loc":{"start":{"line":12,"column":4},"end":{"line":12,"column":16}},"locations":[{"start":{"line":12,"column":4},"end":{"line":12,"column":16}},{"start":{"line":12,"column":4},"end":{"line":12,"column":16}}]},"6":{"line":15,"type":"keyword","loc":{"start":{"line":15,"column":4},"end":{"line":15,"column":22}},"locations":[{"start":{"line":15,"column":4},"end":{"line":15,"column":22}},{"start":{"line":15,"column":4},"end":{"line":15,"column":22}}]},"7":{"line":62,"type":"keyword","loc":{"start":{"line":62,"column":4},"end":{"line":62,"column":16}},"locations":[{"start":{"line":62,"column":4},"end":{"line":62,"column":16}},{"start":{"line":62,"column":4},"end":{"line":62,"column":16}}]},"8":{"line":79,"type":"keyword","loc":{"start":{"line":79,"column":4},"end":{"line":81,"column":15}},"locations":[{"start":{"line":79,"column":4},"end":{"line":81,"column":15}},{"start":{"line":79,"column":4},"end":{"line":81,"column":15}}]},"9":{"line":65,"type":"keyword","loc":{"start":{"line":65,"column":8},"end":{"line":65,"column":20}},"locations":[{"start":{"line":65,"column":8},"end":{"line":65,"column":20}},{"start":{"line":65,"column":8},"end":{"line":65,"column":20}}]},"10":{"line":67,"type":"keyword","loc":{"start":{"line":67,"column":8},"end":{"line":67,"column":20}},"locations":[{"start":{"line":67,"column":8},"end":{"line":67,"column":20}},{"start":{"line":67,"column":8},"end":{"line":67,"column":20}}]},"11":{"line":69,"type":"keyword","loc":{"start":{"line":69,"column":8},"end":{"line":69,"column":20}},"locations":[{"start":{"line":69,"column":8},"end":{"line":69,"column":20}},{"start":{"line":69,"column":8},"end":{"line":69,"column":20}}]},"12":{"line":71,"type":"keyword","loc":{"start":{"line":71,"column":8},"end":{"line":71,"column":20}},"locations":[{"start":{"line":71,"column":8},"end":{"line":71,"column":20}},{"start":{"line":71,"column":8},"end":{"line":71,"column":20}}]},"13":{"line":87,"type":"keyword","loc":{"start":{"line":87,"column":4},"end":{"line":87,"column":16}},"locations":[{"start":{"line":87,"column":4},"end":{"line":87,"column":16}},{"start":{"line":87,"column":4},"end":{"line":87,"column":16}}]},"14":{"line":90,"type":"keyword","loc":{"start":{"line":90,"column":8},"end":{"line":90,"column":20}},"locations":[{"start":{"line":90,"column":8},"end":{"line":90,"column":20}},{"start":{"line":90,"column":8},"end":{"line":90,"column":20}}]},"15":{"line":92,"type":"keyword","loc":{"start":{"line":92,"column":8},"end":{"line":92,"column":20}},"locations":[{"start":{"line":92,"column":8},"end":{"line":92,"column":20}},{"start":{"line":92,"column":8},"end":{"line":92,"column":20}}]},"16":{"line":95,"type":"keyword","loc":{"start":{"line":95,"column":8},"end":{"line":95,"column":20}},"locations":[{"start":{"line":95,"column":8},"end":{"line":95,"column":20}},{"start":{"line":95,"column":8},"end":{"line":95,"column":20}}]},"17":{"line":102,"type":"keyword","loc":{"start":{"line":102,"column":4},"end":{"line":102,"column":16}},"locations":[{"start":{"line":102,"column":4},"end":{"line":102,"column":16}},{"start":{"line":102,"column":4},"end":{"line":102,"column":16}}]},"18":{"line":111,"type":"keyword","loc":{"start":{"line":111,"column":4},"end":{"line":112,"column":12}},"locations":[{"start":{"line":111,"column":4},"end":{"line":112,"column":12}},{"start":{"line":111,"column":4},"end":{"line":112,"column":12}}]},"19":{"line":105,"type":"keyword","loc":{"start":{"line":105,"column":8},"end":{"line":105,"column":20}},"locations":[{"start":{"line":105,"column":8},"end":{"line":105,"column":20}},{"start":{"line":105,"column":8},"end":{"line":105,"column":20}}]},"20":{"line":107,"type":"keyword","loc":{"start":{"line":107,"column":8},"end":{"line":107,"column":20}},"locations":[{"start":{"line":107,"column":8},"end":{"line":107,"column":20}},{"start":{"line":107,"column":8},"end":{"line":107,"column":20}}]},"21":{"line":109,"type":"keyword","loc":{"start":{"line":109,"column":8},"end":{"line":109,"column":20}},"locations":[{"start":{"line":109,"column":8},"end":{"line":109,"column":20}},{"start":{"line":109,"column":8},"end":{"line":109,"column":20}}]},"22":{"line":115,"type":"keyword","loc":{"start":{"line":115,"column":8},"end":{"line":117,"column":17}},"locations":[{"start":{"line":115,"column":8},"end":{"line":117,"column":17}},{"start":{"line":115,"column":8},"end":{"line":117,"column":17}}]},"23":{"line":116,"type":"keyword","loc":{"start":{"line":116,"column":10},"end":{"line":117,"column":17}},"locations":[{"start":{"line":116,"column":10},"end":{"line":117,"column":17}},{"start":{"line":116,"column":10},"end":{"line":117,"column":17}}]},"24":{"line":78,"type":"keyword","loc":{"start":{"line":78,"column":8},"end":{"line":78,"column":20}},"locations":[{"start":{"line":78,"column":8},"end":{"line":78,"column":20}},{"start":{"line":78,"column":8},"end":{"line":78,"column":20}}]},"25":{"line":19,"type":"keyword","loc":{"start":{"line":19,"column":4},"end":{"line":19,"column":16}},"locations":[{"start":{"line":19,"column":4},"end":{"line":19,"column":16}},{"start":{"line":19,"column":4},"end":{"line":19,"column":16}}]},"26":{"line":23,"type":"keyword","loc":{"start":{"line":23,"column":4},"end":{"line":23,"column":15}},"locations":[{"start":{"line":23,"column":4},"end":{"line":23,"column":15}},{"start":{"line":23,"column":4},"end":{"line":23,"column":15}}]},"27":{"line":123,"type":"keyword","loc":{"start":{"line":123,"column":4},"end":{"line":123,"column":16}},"locations":[{"start":{"line":123,"column":4},"end":{"line":123,"column":16}},{"start":{"line":123,"column":4},"end":{"line":123,"column":16}}]},"28":{"line":135,"type":"keyword","loc":{"start":{"line":135,"column":4},"end":{"line":136,"column":11}},"locations":[{"start":{"line":135,"column":4},"end":{"line":136,"column":11}},{"start":{"line":135,"column":4},"end":{"line":136,"column":11}}]},"29":{"line":126,"type":"keyword","loc":{"start":{"line":126,"column":8},"end":{"line":126,"column":20}},"locations":[{"start":{"line":126,"column":8},"end":{"line":126,"column":20}},{"start":{"line":126,"column":8},"end":{"line":126,"column":20}}]},"30":{"line":128,"type":"keyword","loc":{"start":{"line":128,"column":8},"end":{"line":128,"column":20}},"locations":[{"start":{"line":128,"column":8},"end":{"line":128,"column":20}},{"start":{"line":128,"column":8},"end":{"line":128,"column":20}}]},"31":{"line":130,"type":"keyword","loc":{"start":{"line":130,"column":8},"end":{"line":130,"column":20}},"locations":[{"start":{"line":130,"column":8},"end":{"line":130,"column":20}},{"start":{"line":130,"column":8},"end":{"line":130,"column":20}}]},"32":{"line":132,"type":"keyword","loc":{"start":{"line":132,"column":8},"end":{"line":132,"column":20}},"locations":[{"start":{"line":132,"column":8},"end":{"line":132,"column":20}},{"start":{"line":132,"column":8},"end":{"line":132,"column":20}}]},"33":{"line":142,"type":"keyword","loc":{"start":{"line":142,"column":4},"end":{"line":142,"column":16}},"locations":[{"start":{"line":142,"column":4},"end":{"line":142,"column":16}},{"start":{"line":142,"column":4},"end":{"line":142,"column":16}}]},"34":{"line":153,"type":"keyword","loc":{"start":{"line":153,"column":4},"end":{"line":154,"column":15}},"locations":[{"start":{"line":153,"column":4},"end":{"line":154,"column":15}},{"start":{"line":153,"column":4},"end":{"line":154,"column":15}}]},"35":{"line":145,"type":"keyword","loc":{"start":{"line":145,"column":8},"end":{"line":145,"column":19}},"locations":[{"start":{"line":145,"column":8},"end":{"line":145,"column":19}},{"start":{"line":145,"column":8},"end":{"line":145,"column":19}}]},"36":{"line":148,"type":"keyword","loc":{"start":{"line":148,"column":8},"end":{"line":148,"column":19}},"locations":[{"start":{"line":148,"column":8},"end":{"line":148,"column":19}},{"start":{"line":148,"column":8},"end":{"line":148,"column":19}}]},"37":{"line":147,"type":"keyword","loc":{"start":{"line":147,"column":10},"end":{"line":147,"column":22}},"locations":[{"start":{"line":147,"column":10},"end":{"line":147,"column":22}},{"start":{"line":147,"column":10},"end":{"line":147,"column":22}}]},"38":{"line":150,"type":"keyword","loc":{"start":{"line":150,"column":8},"end":{"line":150,"column":20}},"locations":[{"start":{"line":150,"column":8},"end":{"line":150,"column":20}},{"start":{"line":150,"column":8},"end":{"line":150,"column":20}}]},"39":{"line":152,"type":"keyword","loc":{"start":{"line":152,"column":8},"end":{"line":152,"column":20}},"locations":[{"start":{"line":152,"column":8},"end":{"line":152,"column":20}},{"start":{"line":152,"column":8},"end":{"line":152,"column":20}}]},"40":{"line":216,"type":"keyword","loc":{"start":{"line":216,"column":4},"end":{"line":216,"column":16}},"locations":[{"start":{"line":216,"column":4},"end":{"line":216,"column":16}},{"start":{"line":216,"column":4},"end":{"line":216,"column":16}}]},"41":{"line":225,"type":"keyword","loc":{"start":{"line":225,"column":4},"end":{"line":225,"column":16}},"locations":[{"start":{"line":225,"column":4},"end":{"line":225,"column":16}},{"start":{"line":225,"column":4},"end":{"line":225,"column":16}}]},"42":{"line":228,"type":"keyword","loc":{"start":{"line":228,"column":8},"end":{"line":228,"column":20}},"locations":[{"start":{"line":228,"column":8},"end":{"line":228,"column":20}},{"start":{"line":228,"column":8},"end":{"line":228,"column":20}}]},"43":{"line":231,"type":"keyword","loc":{"start":{"line":231,"column":8},"end":{"line":231,"column":20}},"locations":[{"start":{"line":231,"column":8},"end":{"line":231,"column":20}},{"start":{"line":231,"column":8},"end":{"line":231,"column":20}}]},"44":{"line":233,"type":"keyword","loc":{"start":{"line":233,"column":8},"end":{"line":233,"column":20}},"locations":[{"start":{"line":233,"column":8},"end":{"line":233,"column":20}},{"start":{"line":233,"column":8},"end":{"line":233,"column":20}}]},"45":{"line":235,"type":"keyword","loc":{"start":{"line":235,"column":8},"end":{"line":235,"column":19}},"locations":[{"start":{"line":235,"column":8},"end":{"line":235,"column":19}},{"start":{"line":235,"column":8},"end":{"line":235,"column":19}}]},"46":{"line":239,"type":"keyword","loc":{"start":{"line":239,"column":8},"end":{"line":239,"column":19}},"locations":[{"start":{"line":239,"column":8},"end":{"line":239,"column":19}},{"start":{"line":239,"column":8},"end":{"line":239,"column":19}}]},"47":{"line":480,"type":"keyword","loc":{"start":{"line":480,"column":6},"end":{"line":480,"column":18}},"locations":[{"start":{"line":480,"column":6},"end":{"line":480,"column":18}},{"start":{"line":480,"column":6},"end":{"line":480,"column":18}}]},"48":{"line":481,"type":"keyword","loc":{"start":{"line":481,"column":6},"end":{"line":482,"column":14}},"locations":[{"start":{"line":481,"column":6},"end":{"line":482,"column":14}},{"start":{"line":481,"column":6},"end":{"line":482,"column":14}}]},"49":{"line":825,"type":"keyword","loc":{"start":{"line":825,"column":4},"end":{"line":825,"column":16}},"locations":[{"start":{"line":825,"column":4},"end":{"line":825,"column":16}},{"start":{"line":825,"column":4},"end":{"line":825,"column":16}}]},"50":{"line":828,"type":"keyword","loc":{"start":{"line":828,"column":8},"end":{"line":828,"column":20}},"locations":[{"start":{"line":828,"column":8},"end":{"line":828,"column":20}},{"start":{"line":828,"column":8},"end":{"line":828,"column":20}}]},"51":{"line":831,"type":"keyword","loc":{"start":{"line":831,"column":8},"end":{"line":831,"column":20}},"locations":[{"start":{"line":831,"column":8},"end":{"line":831,"column":20}},{"start":{"line":831,"column":8},"end":{"line":831,"column":20}}]},"52":{"line":833,"type":"keyword","loc":{"start":{"line":833,"column":8},"end":{"line":833,"column":20}},"locations":[{"start":{"line":833,"column":8},"end":{"line":833,"column":20}},{"start":{"line":833,"column":8},"end":{"line":833,"column":20}}]},"53":{"line":339,"type":"keyword","loc":{"start":{"line":339,"column":4},"end":{"line":339,"column":16}},"locations":[{"start":{"line":339,"column":4},"end":{"line":339,"column":16}},{"start":{"line":339,"column":4},"end":{"line":339,"column":16}}]},"54":{"line":364,"type":"keyword","loc":{"start":{"line":364,"column":4},"end":{"line":366,"column":10}},"locations":[{"start":{"line":364,"column":4},"end":{"line":366,"column":10}},{"start":{"line":364,"column":4},"end":{"line":366,"column":10}}]},"55":{"line":367,"type":"keyword","loc":{"start":{"line":367,"column":4},"end":{"line":371,"column":17}},"locations":[{"start":{"line":367,"column":4},"end":{"line":371,"column":17}},{"start":{"line":367,"column":4},"end":{"line":371,"column":17}}]},"56":{"line":342,"type":"keyword","loc":{"start":{"line":342,"column":8},"end":{"line":342,"column":20}},"locations":[{"start":{"line":342,"column":8},"end":{"line":342,"column":20}},{"start":{"line":342,"column":8},"end":{"line":342,"column":20}}]},"57":{"line":344,"type":"keyword","loc":{"start":{"lin
[...]
":{"line":201,"column":35}},"line":199},"400":{"name":"https://spec.openapis.org/oas/3.2/schema/WORK-IN-PROGRESS#/$defs/components/properties/pathItems/additionalProperties","decl":{"start":{"line":201,"column":10},"end":{"line":201,"column":35}},"loc":{"start":{"line":201,"column":10},"end":{"line":201,"column":35}},"line":201},"401":{"name":"https://spec.openapis.org/oas/3.2/schema/WORK-IN-PROGRESS#/$defs/components/properties/mediaTypes","decl":{"start":{"line":203,"column":8},"end":{"line":205,"column":49}},"loc":{"start":{"line":203,"column":8},"end":{"line":205,"column":49}},"line":203},"402":{"name":"https://spec.openapis.org/oas/3.2/schema/WORK-IN-PROGRESS#/$defs/components/properties/mediaTypes/additionalProperties","decl":{"start":{"line":205,"column":10},"end":{"line":205,"column":49}},"loc":{"start":{"line":205,"column":10},"end":{"line":205,"column":49}},"line":205},"403":{"name":"https://spec.openapis.org/oas/3.2/schema/WORK-IN-PROGRESS#/$defs/components/patternProperties/%5E(schemas%7Cresponses%7Cparameters%7Cexamples%7CrequestBodies%7Cheaders%7CsecuritySchemes%7Clinks%7Ccallbacks%7CpathItems%7CmediaTypes)$","decl":{"start":{"line":208,"column":8},"end":{"line":210,"column":38}},"loc":{"start":{"line":208,"column":8},"end":{"line":210,"column":38}},"line":208},"404":{"name":"https://spec.openapis.org/oas/3.2/schema/WORK-IN-PROGRESS#/$defs/components/patternProperties/%5E(schemas%7Cresponses%7Cparameters%7Cexamples%7CrequestBodies%7Cheaders%7CsecuritySchemes%7Clinks%7Ccallbacks%7CpathItems%7CmediaTypes)$/propertyNames","decl":{"start":{"line":210,"column":10},"end":{"line":210,"column":38}},"loc":{"start":{"line":210,"column":10},"end":{"line":210,"column":38}},"line":210},"405":{"name":"https://spec.openapis.org/oas/3.2/schema/WORK-IN-PROGRESS#/$defs/components/unevaluatedProperties","decl":{"start":{"line":212,"column":27},"end":{"line":212,"column":32}},"loc":{"start":{"line":212,"column":27},"end":{"line":212,"column":32}},"line":212},"406":{"name":"https://spec.openapis.org/oas/3.2/schema/WORK-IN-PROGRESS#/properties/security","decl":{"start":{"line":37,"column":4},"end":{"line":39,"column":42}},"loc":{"start":{"line":37,"column":4},"end":{"line":39,"column":42}},"line":37},"407":{"name":"https://spec.openapis.org/oas/3.2/schema/WORK-IN-PROGRESS#/properties/security/items","decl":{"start":{"line":39,"column":6},"end":{"line":39,"column":42}},"loc":{"start":{"line":39,"column":6},"end":{"line":39,"column":42}},"line":39},"408":{"name":"https://spec.openapis.org/oas/3.2/schema/WORK-IN-PROGRESS#/properties/tags","decl":{"start":{"line":41,"column":4},"end":{"line":43,"column":25}},"loc":{"start":{"line":41,"column":4},"end":{"line":43,"column":25}},"line":41},"409":{"name":"https://spec.openapis.org/oas/3.2/schema/WORK-IN-PROGRESS#/properties/tags/items","decl":{"start":{"line":43,"column":6},"end":{"line":43,"column":25}},"loc":{"start":{"line":43,"column":6},"end":{"line":43,"column":25}},"line":43},"410":{"name":"https://spec.openapis.org/oas/3.2/schema/WORK-IN-PROGRESS#/$defs/tag","decl":{"start":{"line":803,"column":4},"end":{"line":821,"column":32}},"loc":{"start":{"line":803,"column":4},"end":{"line":821,"column":32}},"line":803},"411":{"name":"https://spec.openapis.org/oas/3.2/schema/WORK-IN-PROGRESS#/$defs/tag/properties/name","decl":{"start":{"line":807,"column":8},"end":{"line":807,"column":20}},"loc":{"start":{"line":807,"column":8},"end":{"line":807,"column":20}},"line":807},"412":{"name":"https://spec.openapis.org/oas/3.2/schema/WORK-IN-PROGRESS#/$defs/tag/properties/summary","decl":{"start":{"line":809,"column":8},"end":{"line":809,"column":20}},"loc":{"start":{"line":809,"column":8},"end":{"line":809,"column":20}},"line":809},"413":{"name":"https://spec.openapis.org/oas/3.2/schema/WORK-IN-PROGRESS#/$defs/tag/properties/description","decl":{"start":{"line":811,"column":8},"end":{"line":811,"column":20}},"loc":{"start":{"line":811,"column":8},"end":{"line":811,"column":20}},"line":811},"414":{"name":"https://spec.openapis.org/oas/3.2/schema/WORK-IN-PROGRESS#/$defs/tag/properties/externalDocs","decl":{"start":{"line":813,"column":8},"end":{"line":813,"column":46}},"loc":{"start":{"line":813,"column":8},"end":{"line":813,"column":46}},"line":813},"415":{"name":"https://spec.openapis.org/oas/3.2/schema/WORK-IN-PROGRESS#/$defs/tag/properties/parent","decl":{"start":{"line":815,"column":8},"end":{"line":815,"column":20}},"loc":{"start":{"line":815,"column":8},"end":{"line":815,"column":20}},"line":815},"416":{"name":"https://spec.openapis.org/oas/3.2/schema/WORK-IN-PROGRESS#/$defs/tag/properties/kind","decl":{"start":{"line":817,"column":8},"end":{"line":817,"column":20}},"loc":{"start":{"line":817,"column":8},"end":{"line":817,"column":20}},"line":817},"417":{"name":"https://spec.openapis.org/oas/3.2/schema/WORK-IN-PROGRESS#/$defs/tag/unevaluatedProperties","decl":{"start":{"line":821,"column":27},"end":{"line":821,"column":32}},"loc":{"start":{"line":821,"column":27},"end":{"line":821,"column":32}},"line":821},"418":{"name":"https://spec.openapis.org/oas/3.2/schema/WORK-IN-PROGRESS#/properties/externalDocs","decl":{"start":{"line":45,"column":4},"end":{"line":45,"column":42}},"loc":{"start":{"line":45,"column":4},"end":{"line":45,"column":42}},"line":45},"419":{"name":"https://spec.openapis.org/oas/3.2/schema/WORK-IN-PROGRESS#/anyOf/0","decl":{"start":{"line":50,"column":4},"end":{"line":51,"column":11}},"loc":{"start":{"line":50,"column":4},"end":{"line":51,"column":11}},"line":50},"420":{"name":"https://spec.openapis.org/oas/3.2/schema/WORK-IN-PROGRESS#/anyOf/1","decl":{"start":{"line":52,"column":4},"end":{"line":53,"column":16}},"loc":{"start":{"line":52,"column":4},"end":{"line":53,"column":16}},"line":52},"421":{"name":"https://spec.openapis.org/oas/3.2/schema/WORK-IN-PROGRESS#/anyOf/2","decl":{"start":{"line":54,"column":4},"end":{"line":55,"column":14}},"loc":{"start":{"line":54,"column":4},"end":{"line":55,"column":14}},"line":54},"422":{"name":"https://spec.openapis.org/oas/3.2/schema/WORK-IN-PROGRESS#/unevaluatedProperties","decl":{"start":{"line":57,"column":23},"end":{"line":57,"column":28}},"loc":{"start":{"line":57,"column":23},"end":{"line":57,"column":28}},"line":57}},"s":{"0":1431,"1":1431,"2":1431,"3":1431,"4":1431,"5":1431,"6":1431,"7":1431,"8":1431,"9":47,"10":47,"11":47,"12":1431,"13":1431,"14":1431,"15":1431,"16":1431,"17":1431,"18":1431,"19":223,"20":47,"21":47,"22":47,"23":47,"24":47,"25":47,"26":47,"27":47,"28":47,"29":47,"30":47,"31":47,"32":47,"33":13747,"34":177,"35":177,"36":177,"37":177,"38":177,"39":177,"40":177,"41":177,"42":130,"43":47,"44":47,"45":130,"46":130,"47":1431,"48":45,"49":45,"50":45,"51":33,"52":33,"53":33,"54":77,"55":176,"56":176,"57":176,"58":176,"59":176,"60":176,"61":72,"62":24,"63":29,"64":29,"65":77,"66":77,"67":77,"68":77,"69":77,"70":77,"71":29,"72":29,"73":29,"74":48,"75":77,"76":24,"77":638,"78":638,"79":638,"80":638,"81":638,"82":575,"83":847,"84":847,"85":847,"86":847,"87":41,"88":41,"89":33,"90":41,"91":33,"92":33,"93":33,"94":223,"95":223,"96":363,"97":679,"98":679,"99":679,"100":679,"101":679,"102":33,"103":462,"104":462,"105":462,"106":462,"107":33,"108":33,"109":646,"110":646,"111":646,"112":646,"113":646,"114":646,"115":646,"116":646,"117":646,"118":646,"119":400,"120":400,"121":400,"122":33,"123":33,"124":568,"125":53,"126":78,"127":78,"128":78,"129":1199,"130":1199,"131":1199,"132":1757,"133":1799,"134":1799,"135":1799,"136":1799,"137":1799,"138":84,"139":1715,"140":1715,"141":1715,"142":1715,"143":1715,"144":42,"145":1315,"146":42,"147":154,"148":154,"149":343,"150":619,"151":619,"152":619,"153":619,"154":338,"155":338,"156":84,"157":84,"158":84,"159":360,"160":360,"161":360,"162":360,"163":360,"164":48,"165":312,"166":312,"167":312,"168":312,"169":312,"170":312,"171":312,"172":174,"173":48,"174":48,"175":48,"176":48,"177":264,"178":48,"179":48,"180":48,"181":312,"182":312,"183":264,"184":264,"185":48,"186":48,"187":48,"188":48,"189":48,"190":48,"191":2937,"192":2937,"193":469,"194":469,"195":602,"196":693,"197":693,"198":693,"199":693,"200":693,"201":140,"202":553,"203":553,"204":553,"205":553,"206":553,"207":553,"208":429,"209":82,"210":76,"211":243,"212":243,"213":553,"214":553,"215":553,"216":553,"217":553,"218":553,"219":553,"220":553,"221":2937,"222":312,"223":312,"224":84,"225":84,"226":84,"227":42,"228":42,"229":79,"230":79,"231":42,"232":61,"233":61,"234":42,"235":60,"236":619,"237":619,"238":1187,"239":1187,"240":1187,"241":1187,"242":1187,"243":262,"244":163,"245":77,"246":1024,"247":42,"248":619,"249":79,"250":89,"251":89,"252":79,"253":53,"254":1715,"255":1715,"256":1715,"257":154,"258":1757,"259":646,"260":646,"261":646,"262":646,"263":646,"264":646,"265":646,"266":646,"267":646,"268":314,"269":33,"270":33,"271":646,"272":646,"273":646,"274":646,"275":646,"276":50,"277":568,"278":568,"279":178,"280":35,"281":33,"282":33,"283":568,"284":568,"285":568,"286":568,"287":568,"288":568,"289":197,"290":197,"291":40,"292":40,"293":197,"294":568,"295":568,"296":568,"297":568,"298":568,"299":568,"300":52,"301":35,"302":35,"303":568,"304":568,"305":568,"306":568,"307":568,"308":568,"309":279,"310":70,"311":70,"312":568,"313":568,"314":568,"315":568,"316":568,"317":568,"318":33,"319":33,"320":33,"321":568,"322":40,"323":40,"324":40,"325":40,"326":909,"327":909,"328":909,"329":909,"330":36,"331":36,"332":36,"333":183,"334":144,"335":33,"336":102,"337":102,"338":102,"339":102,"340":102,"341":102,"342":102,"343":102,"344":193,"345":110,"346":110,"347":69,"348":377,"349":517,"350":517,"351":517,"352":517,"353":517,"354":33,"355":484,"356":484,"357":484,"358":484,"359":484,"360":484,"361":225,"362":484,"363":47,"364":47,"365":522,"366":522,"367":522,"368":522,"369":522,"370":522,"371":522,"372":522,"373":522,"374":147,"375":1016,"376":1016,"377":1016,"378":1016,"379":1016,"380":33,"381":983,"382":983,"383":983,"384":983,"385":983,"386":28,"387":983,"388":28,"389":28,"390":84,"391":589,"392":43,"393":43,"394":215,"395":281,"396":281,"397":281,"398":281,"399":281,"400":33,"401":248,"402":248,"403":248,"404":248,"405":248,"406":248,"407":86,"408":86,"409":162,"410":205,"411":380,"412":380,"413":455,"414":33,"415":33,"416":248,"417":248,"418":525,"419":522,"420":33,"421":33,"422":33,"423":66,"424":203,"425":203,"426":203,"427":203,"428":203,"429":33,"430":170,"431":170,"432":170,"433":170,"434":170,"435":33,"436":33,"437":73,"438":73,"439":73,"440":198,"441":198,"442":198,"443":198,"444":196,"445":33,"446":33,"447":33,"448":40,"449":40,"450":40,"451":299,"452":107,"453":264,"454":33,"455":33,"456":33,"457":33,"458":33,"459":34,"460":100,"461":100,"462":61,"463":966,"464":966,"465":966,"466":966,"467":966,"468":966,"469":271,"470":271,"471":458,"472":160,"473":160,"474":344,"475":164,"476":164,"477":247,"478":91,"479":91,"480":91,"481":140,"482":140,"483":140,"484":48,"485":48,"486":192,"487":153,"488":153,"489":378,"490":378,"491":378,"492":378,"493":378,"494":378,"495":25,"496":353,"497":353,"498":353,"499":353,"500":353,"501":353,"502":353,"503":62,"504":25,"505":25,"506":353,"507":353,"508":353,"509":353,"510":353,"511":353,"512":353,"513":75,"514":75,"515":75,"516":75,"517":353,"518":353,"519":353,"520":353,"521":353,"522":353,"523":87,"524":87,"525":87,"526":353,"527":353,"528":353,"529":353,"530":353,"531":353,"532":87,"533":87,"534":62,"535":62,"536":353,"537":353,"538":353,"539":353,"540":353,"541":353,"542":100,"543":100,"544":100,"545":100,"546":100,"547":100,"548":100,"549":75,"550":75,"551":75,"552":75,"553":75,"554":75,"555":75,"556":75,"557":25,"558":25,"559":75,"560":25,"561":25,"562":25,"563":25,"564":25,"565":25,"566":25,"567":25,"568":25,"569":25,"570":25,"571":25,"572":25,"573":25,"574":25,"575":25,"576":25,"577":25,"578":25,"579":25,"580":25,"581":25,"582":25,"583":25,"584":25,"585":25,"586":25,"587":25,"588":25,"589":25,"590":25,"591":25,"592":25,"593":25,"594":25,"595":25,"596":25,"597":25,"598":25,"599":25,"600":25,"601":25,"602":25,"603":25,"604":25,"605":25,"606":25,"607":25,"608":25,"609":25,"610":353,"611":353,"612":353,"613":353,"614":353,"615":353,"616":25,"617":25,"618":25,"619":25,"620":33,"621":33,"622":66,"623":85,"624":85,"625":137,"626":92,"627":92,"628":41,"629":42,"630":42,"631":42,"632":1279,"633":2136,"634":25,"635":25,"636":125,"637":22,"638":22,"639":66,"640":66,"641":66,"642":66,"643":66,"644":66,"645":66,"646":66,"647":66,"648":22,"649":22,"650":66,"651":47,"652":1431,"653":1431,"654":1431},"b":{"0":[0,1431],"1":[0,1431],"2":[12,1419],"3":[0,1431],"4":[0,1431],"5":[0,47],"6":[0,47],"7":[0,1431],"8":[0,1431],"9":[0,1431],"10":[0,223],"11":[0,47],"12":[0,47],"13":[0,47],"14":[0,47],"15":[0,47],"16":[0,47],"17":[0,177],"18":[0,177],"19":[0,177],"20":[0,130],"21":[0,47],"22":[0,130],"23":[130,0],"24":[0,1431],"25":[0,45],"26":[4,29],"27":[0,176],"28":[0,176],"29":[0,176],"30":[0,72],"31":[0,24],"32":[0,29],"33":[0,77],"34":[0,77],"35":[0,29],"36":[5,24],"37":[0,48],"38":[0,77],"39":[0,24],"40":[0,638],"41":[0,847],"42":[0,41],"43":[0,33],"44":[0,41],"45":[0,33],"46":[0,223],"47":[0,679],"48":[646,33],"49":[0,462],"50":[0,462],"51":[0,33],"52":[0,33],"53":[0,646],"54":[0,646],"55":[0,646],"56":[0,646],"57":[0,646],"58":[0,400],"59":[0,400],"60":[0,33],"61":[0,53],"62":[0,78],"63":[0,78],"64":[0,1199],"65":[0,1799],"66":[1715,84],"67":[0,1715],"68":[0,42],"69":[0,154],"70":[18,601],"71":[0,338],"72":[0,84],"73":[0,360],"74":[312,48],"75":[0,312],"76":[0,312],"77":[0,174],"78":[0,48],"79":[0,48],"80":[0,48],"81":[0,48],"82":[48,264],"83":[264,48],"84":[0,48],"85":[0,48],"86":[0,48],"87":[17,2920],"88":[0,469],"89":[0,693],"90":[553,140],"91":[0,553],"92":[0,429],"93":[0,82],"94":[0,76],"95":[0,243],"96":[16,537],"97":[537,16],"98":[15,538],"99":[538,15],"100":[14,539],"101":[539,14],"102":[13,540],"103":[540,13],"104":[2920,17],"105":[0,84],"106":[0,84],"107":[0,42],"108":[0,79],"109":[0,61],"110":[907,280],"111":[117,145],"112":[0,89],"113":[78,568],"114":[568,78],"115":[0,646],"116":[332,314],"117":[0,33],"118":[0,646],"119":[596,50],"120":[7,43],"121":[0,178],"122":[0,35],"123":[0,33],"124":[0,568],"125":[371,197],"126":[0,197],"127":[0,40],"128":[0,197],"129":[0,568],"130":[516,52],"131":[0,35],"132":[0,568],"133":[289,279],"134":[0,70],"135":[0,568],"136":[535,33],"137":[0,33],"138":[0,40],"139":[0,909],"140":[0,36],"141":[0,36],"142":[0,183],"143":[0,144],"144":[0,102],"145":[0,102],"146":[0,102],"147":[0,102],"148":[0,193],"149":[0,110],"150":[0,517],"151":[484,33],"152":[0,484],"153":[0,484],"154":[0,225],"155":[0,47],"156":[0,522],"157":[0,522],"158":[0,1016],"159":[983,33],"160":[0,983],"161":[0,28],"162":[0,983],"163":[0,28],"164":[0,43],"165":[0,281],"166":[248,33],"167":[0,248],"168":[0,248],"169":[0,86],"170":[0,162],"171":[0,380],"172":[0,455],"173":[0,33],"174":[162,86],"175":[86,162],"176":[0,33],"177":[0,33],"178":[0,203],"179":[170,33],"180":[0,170],"181":[0,33],"182":[0,73],"183":[0,198],"184":[0,198],"185":[0,196],"186":[0,33],"187":[0,40],"188":[6,34],"189":[34,6],"190":[0,100],"191":[0,966],"192":[0,271],"193":[0,160],"194":[0,164],"195":[0,91],"196":[0,140],"197":[0,48],"198":[0,153],"199":[0,378],"200":[353,25],"201":[0,353],"202":[0,353],"203":[0,353],"204":[0,62],"205":[0,25],"206":[0,353],"207":[278,75],"208":[0,75],"209":[0,75],"210":[0,75],"211":[0,353],"212":[266,87],"213":[0,87],"214":[0,87],"215":[266,87],"216":[266,87],"217":[0,87],"218":[25,62],"219":[0,62],"220":[0,353],"221":[253,100],"222":[0,100],"223":[0,100],"224":[0,75],"225":[0,75],"226":[0,75],"227":[0,25],"228":[0,25],"229":[0,25],"230":[0,25],"231":[0,25],"232":[0,25],"233":[0,25],"234":[0,25],"235":[0,25],"236":[0,25],"237":[0,25],"238":[0,25],"239":[0,25],"240":[0,25],"241":[0,25],"242":[0,25],"243":[0,25],"244":[0,25],"245":[0,25],"246":[0,25],"247":[0,353],"248":[328,25],"249":[0,25],"250":[0,25],"251":[0,33],"252":[0,85],"253":[0,92],"254":[0,42],"255":[0,2136],"256":[0,25],"257":[0,22],"258":[0,66],"259":[0,66],"260":[0,66],"261":[0,66],"262":[0,66],"263":[0,22],"264":[0,66],"265":[793,638],"266":[465,966],"267":[1331,100]},"f":{"0":1431,"1":1431,"2":47,"3":1431,"4":1431,"5":1431,"6":223,"7":47,"8":47,"9":47,"10":47,"11":47,"12":47,"13":47,"14":13747,"15":23,"16":0,"17":177,"18":177,"19":177,"20":130,"21":47,"22":130,"23":130,"24":0,"25":1431,"26":0,"27":45,"28":33,"29":77,"30":176,"31":176,"32":72,"33":24,"34":29,"35":77,"36":77,"37":29,"38":48,"39":77,"40":24,"41":10,"42":10,"43":638,"44":638,"45":575,"46":847,"47":41,"48":33,"49":41,"50":33,"51":33,"52":223,"53":363,"54":679,"55":679,"56":33,"57":462,"58":462,"59":33,"60":33,"61":646,"62":646,"63":646,"64":646,"65":400,"66":400,"67":33,"68":568,"69":53,"70":78,"71":1199,"72":1757,"73":1799,"74":1799,"75":84,"76":1715,"77":1715,"78":42,"79":1315,"80":42,"81":154,"82":343,"83":619,"84":338,"85":84,"86":84,"87":360,"88":360,"89":48,"90":312,"91":312,"92":174,"93":48,"94":48,"95":264,"96":48,"97":312,"98":312,"99":264,"100":48,"101":48,"102":48,"103":2937,"104":80,"105":469,"106":602,"107":693,"108":693,"109":140,"110":553,"111":553,"112":429,"113":82,"114":81,"115":76,"116":260,"117":243,"118":553,"119":553,"120":553,"121":553,"122":553,"123":553,"124":553,"125":553,"126":116,"127":2937,"128":312,"129":312,"130":0,"131":84,"132":84,"133":42,"134":79,"135":42,"136":61,"137":42,"138":60,"139":619,"140":619,"141":1187,"142":1187,"143":262,"144":163,"145":77,"146":1024,"147":42,"148":619,"149":79,"150":19,"151":18,"152":111,"153":89,"154":79,"155":53,"156":1715,"157":1715,"158":1715,"159":154,"160":10,"161":11,"162":79,"163":1757,"164":646,"165":646,"166":646,"167":646,"168":646,"169":646,"170":646,"171":314,"172":33,"173":646,"174":646,"175":646,"176":50,"177":568,"178":178,"179":35,"180":33,"181":568,"182":568,"183":568,"184":568,"185":197,"186":40,"187":197,"188":568,"189":568,"190":568,"191":568,"192":52,"193":35,"194":568,"195":568,"196":568,"197":568,"198":279,"199":70,"200":568,"201":568,"202":568,"203":568,"204":33,"205":33,"206":568,"207":114,"208":40,"209":40,"210":909,"211":36,"212":36,"213":183,"214":144,"215":33,"216":102,"217":102,"218":102,"219":0,"220":193,"221":110,"222":69,"223":377,"224":517,"225":517,"226":33,"227":484,"228":484,"229":225,"230":484,"231":47,"232":58,"233":522,"234":522,"235":147,"236":1016,"237":1016,"238":33,"239":983,"240":983,"241":28,"242":983,"243":28,"244":84,"245":589,"246":43,"247":215,"248":281,"249":281,"250":33,"251":248,"252":248,"253":86,"254":162,"255":205,"256":380,"257":455,"258":43,"259":33,"260":33,"261":248,"262":248,"263":0,"264":0,"265":525,"266":0,"267":522,"268":525,"269":33,"270":33,"271":66,"272":203,"273":203,"274":33,"275":170,"276":170,"277":170,"278":33,"279":73,"280":73,"281":198,"282":198,"283":196,"284":33,"285":33,"286":0,"287":40,"288":40,"289":299,"290":107,"291":264,"292":33,"293":33,"294":33,"295":33,"296":33,"297":34,"298":18,"299":6,"300":100,"301":61,"302":966,"303":966,"304":271,"305":458,"306":160,"307":344,"308":164,"309":247,"310":91,"311":91,"312":140,"313":140,"314":48,"315":192,"316":153,"317":378,"318":378,"319":378,"320":25,"321":353,"322":353,"323":353,"324":62,"325":25,"326":353,"327":353,"328":353,"329":353,"330":353,"331":75,"332":75,"333":75,"334":353,"335":353,"336":353,"337":353,"338":87,"339":87,"340":353,"341":353,"342":353,"343":353,"344":87,"345":62,"346":62,"347":353,"348":353,"349":353,"350":353,"351":100,"352":100,"353":100,"354":75,"355":75,"356":75,"357":25,"358":75,"359":0,"360":25,"361":25,"362":25,"363":25,"364":25,"365":0,"366":25,"367":25,"368":25,"369":25,"370":25,"371":0,"372":25,"373":25,"374":25,"375":25,"376":25,"377":25,"378":0,"379":25,"380":25,"381":25,"382":25,"383":25,"384":25,"385":0,"386":0,"387":25,"388":353,"389":353,"390":353,"391":353,"392":25,"393":25,"394":0,"395":33,"396":66,"397":85,"398":137,"399":92,"400":41,"401":42,"402":42,"403":1279,"404":2136,"405":163,"406":25,"407":125,"408":22,"409":66,"410":66,"411":66,"412":66,"413":66,"414":22,"415":22,"416":66,"417":0,"418":47,"419":1431,"420":1431,"421":1431,"422":570}}
}
